Using pre-set license
Built from '2021.3/staging' branch; Version is '2021.3.19f1 (c9714fde33b6) revision 13201743'; Using compiler version '192829333'; Build Type 'Release'
OS: 'Windows 11  (10.0.26100) 64bit CoreSingleLanguage' Language: 'en' Physical Memory: 16057 MB
BatchMode: 1, IsHumanControllingUs: 0, StartBugReporterOnCrash: 0, Is64bit: 1, IsPro: 1

COMMAND LINE ARGUMENTS:
C:\Program Files\Unity\Hub\Editor\2021.3.19f1\Editor\Unity.exe
-adb2
-batchMode
-noUpm
-name
AssetImportWorker21
-projectPath
C:/Users/abctt/Desktop/New folder/MatchThreeGame
-logFile
Logs/AssetImportWorker21.log
-srvPort
56863
Successfully changed project path to: C:/Users/abctt/Desktop/New folder/MatchThreeGame
C:/Users/abctt/Desktop/New folder/MatchThreeGame
[UnityMemory] Configuration Parameters - Can be set up in boot.config
    "memorysetup-bucket-allocator-granularity=16"
    "memorysetup-bucket-allocator-bucket-count=8"
    "memorysetup-bucket-allocator-block-size=33554432"
    "memorysetup-bucket-allocator-block-count=8"
    "memorysetup-main-allocator-block-size=16777216"
    "memorysetup-thread-allocator-block-size=16777216"
    "memorysetup-gfx-main-allocator-block-size=16777216"
    "memorysetup-gfx-thread-allocator-block-size=16777216"
    "memorysetup-cache-allocator-block-size=4194304"
    "memorysetup-typetree-allocator-block-size=2097152"
    "memorysetup-profiler-bucket-allocator-granularity=16"
    "memorysetup-profiler-bucket-allocator-bucket-count=8"
    "memorysetup-profiler-bucket-allocator-block-size=33554432"
    "memorysetup-profiler-bucket-allocator-block-count=8"
    "memorysetup-profiler-allocator-block-size=16777216"
    "memorysetup-profiler-editor-allocator-block-size=1048576"
    "memorysetup-temp-allocator-size-main=16777216"
    "memorysetup-job-temp-allocator-block-size=2097152"
    "memorysetup-job-temp-allocator-block-size-background=1048576"
    "memorysetup-job-temp-allocator-reduction-small-platforms=262144"
    "memorysetup-temp-allocator-size-background-worker=32768"
    "memorysetup-temp-allocator-size-job-worker=262144"
    "memorysetup-temp-allocator-size-preload-manager=33554432"
    "memorysetup-temp-allocator-size-nav-mesh-worker=65536"
    "memorysetup-temp-allocator-size-audio-worker=65536"
    "memorysetup-temp-allocator-size-cloud-worker=32768"
    "memorysetup-temp-allocator-size-gi-baking-worker=262144"
    "memorysetup-temp-allocator-size-gfx=262144"
Player connection [12808] Host "[IP] 192.168.1.12 [Port] 0 [Flags] 2 [Guid] 1911141750 [EditorId] 1911141750 [Version] 1048832 [Id] WindowsEditor(7,DESKTOP-BUQQBSF) [Debug] 1 [PackageName] WindowsEditor [ProjectName] Editor" joined multi-casting on [225.0.0.222:54997]...

Player connection [12808] Host "[IP] 192.168.1.12 [Port] 0 [Flags] 2 [Guid] 1911141750 [EditorId] 1911141750 [Version] 1048832 [Id] WindowsEditor(7,DESKTOP-BUQQBSF) [Debug] 1 [PackageName] WindowsEditor [ProjectName] Editor" joined alternative multi-casting on [225.0.0.222:34997]...

Refreshing native plugins compatible for Editor in 181.96 ms, found 3 plugins.
Preloading 0 native plugins for Editor in 0.00 ms.
Initialize engine version: 2021.3.19f1 (c9714fde33b6)
[Subsystems] Discovering subsystems at path C:/Program Files/Unity/Hub/Editor/2021.3.19f1/Editor/Data/Resources/UnitySubsystems
[Subsystems] Discovering subsystems at path C:/Users/abctt/Desktop/New folder/MatchThreeGame/Assets
GfxDevice: creating device client; threaded=0; jobified=0
Direct3D:
    Version:  Direct3D 11.0 [level 11.1]
    Renderer: Intel(R) UHD Graphics (ID=0xa7a8)
    Vendor:   Intel
    VRAM:     8028 MB
    Driver:   32.0.101.7026
Initialize mono
Mono path[0] = 'C:/Program Files/Unity/Hub/Editor/2021.3.19f1/Editor/Data/Managed'
Mono path[1] = 'C:/Program Files/Unity/Hub/Editor/2021.3.19f1/Editor/Data/MonoBleedingEdge/lib/mono/unityjit-win32'
Mono config path = 'C:/Program Files/Unity/Hub/Editor/2021.3.19f1/Editor/Data/MonoBleedingEdge/etc'
Using monoOptions --debugger-agent=transport=dt_socket,embedding=1,server=y,suspend=n,address=127.0.0.1:56832
Begin MonoManager ReloadAssembly
Registering precompiled unity dll's ...
Register platform support module: C:/Program Files/Unity/Hub/Editor/2021.3.19f1/Editor/Data/PlaybackEngines/WindowsStandaloneSupport/UnityEditor.WindowsStandalone.Extensions.dll
Registered in 0.009767 seconds.
Native extension for WindowsStandalone target not found
Refreshing native plugins compatible for Editor in 146.78 ms, found 3 plugins.
Preloading 0 native plugins for Editor in 0.00 ms.
Mono: successfully reloaded assembly
- Completed reload, in  1.499 seconds
Domain Reload Profiling:
	ReloadAssembly (1501ms)
		BeginReloadAssembly (183ms)
			ExecutionOrderSort (0ms)
			DisableScriptedObjects (0ms)
			BackupInstance (0ms)
			ReleaseScriptingObjects (0ms)
			CreateAndSetChildDomain (1ms)
		EndReloadAssembly (1064ms)
			LoadAssemblies (176ms)
			RebuildTransferFunctionScriptingTraits (0ms)
			SetupTypeCache (252ms)
			ReleaseScriptCaches (0ms)
			RebuildScriptCaches (91ms)
			SetupLoadedEditorAssemblies (582ms)
				LogAssemblyErrors (0ms)
				InitializePlatformSupportModulesInManaged (14ms)
				SetLoadedEditorAssemblies (0ms)
				RefreshPlugins (147ms)
				BeforeProcessingInitializeOnLoad (2ms)
				ProcessInitializeOnLoadAttributes (304ms)
				ProcessInitializeOnLoadMethodAttributes (114ms)
				AfterProcessingInitializeOnLoad (0ms)
				EditorAssembliesLoaded (0ms)
			ExecutionOrderSort2 (0ms)
			AwakeInstancesAfterBackupRestoration (0ms)
Platform modules already initialized, skipping
Registering precompiled user dll's ...
Registered in 0.010907 seconds.
Begin MonoManager ReloadAssembly
Symbol file LoadedFromMemory doesn't match image C:\Users\abctt\Desktop\New folder\MatchThreeGame\Library\PackageCache\com.unity.visualscripting@1.8.0\Editor\VisualScripting.Core\Dependencies\YamlDotNet\Unity.VisualScripting.YamlDotNet.dll
Symbol file LoadedFromMemory doesn't match image C:\Users\abctt\Desktop\New folder\MatchThreeGame\Library\PackageCache\com.unity.visualscripting@1.8.0\Editor\VisualScripting.Core\Dependencies\DotNetZip\Unity.VisualScripting.IonicZip.dll
Native extension for WindowsStandalone target not found
Refreshing native plugins compatible for Editor in 0.97 ms, found 3 plugins.
Preloading 0 native plugins for Editor in 0.00 ms.
Mono: successfully reloaded assembly
- Completed reload, in  2.646 seconds
Domain Reload Profiling:
	ReloadAssembly (2648ms)
		BeginReloadAssembly (221ms)
			ExecutionOrderSort (0ms)
			DisableScriptedObjects (10ms)
			BackupInstance (0ms)
			ReleaseScriptingObjects (0ms)
			CreateAndSetChildDomain (34ms)
		EndReloadAssembly (2130ms)
			LoadAssemblies (186ms)
			RebuildTransferFunctionScriptingTraits (0ms)
			SetupTypeCache (447ms)
			ReleaseScriptCaches (1ms)
			RebuildScriptCaches (214ms)
			SetupLoadedEditorAssemblies (1100ms)
				LogAssemblyErrors (0ms)
				InitializePlatformSupportModulesInManaged (20ms)
				SetLoadedEditorAssemblies (1ms)
				RefreshPlugins (1ms)
				BeforeProcessingInitializeOnLoad (274ms)
				ProcessInitializeOnLoadAttributes (717ms)
				ProcessInitializeOnLoadMethodAttributes (52ms)
				AfterProcessingInitializeOnLoad (33ms)
				EditorAssembliesLoaded (0ms)
			ExecutionOrderSort2 (0ms)
			AwakeInstancesAfterBackupRestoration (18ms)
Platform modules already initialized, skipping
========================================================================
Worker process is ready to serve import requests
Launched and connected shader compiler UnityShaderCompiler.exe after 0.14 seconds
Refreshing native plugins compatible for Editor in 0.84 ms, found 3 plugins.
Preloading 0 native plugins for Editor in 0.00 ms.
Unloading 2976 Unused Serialized files (Serialized files now loaded: 0)
Unloading 23 unused Assets / (48.0 KB). Loaded Objects now: 3441.
Memory consumption went from 104.7 MB to 104.7 MB.
Total: 6.175100 ms (FindLiveObjects: 0.447500 ms CreateObjectMapping: 0.189900 ms MarkObjects: 5.431800 ms  DeleteObjects: 0.103800 ms)

AssetImportParameters requested are different than current active one (requested -> active):
  custom:video-decoder-ogg-theora: a1e56fd34408186e4bbccfd4996cb3dc -> 
  custom:container-muxer-webm: aa71ff27fc2769a1b78a27578f13a17b -> 
  custom:container-demuxer-webm: 4f35f7cbe854078d1ac9338744f61a02 -> 
  custom:video-encoder-webm-vp8: eb34c28f22e8b96e1ab97ce403110664 -> 
  custom:video-codec-MediaFoundation-h265: 746d11721c4dcdbdad8f713fa42b33f4 -> 
  custom:audio-encoder-webm-vorbis: bf7c407c2cedff20999df2af8eb42d56 -> 
  custom:framework-win-MediaFoundation: 216162199b28c13a410421893ffa2e32 -> 
  custom:container-demuxer-ogg: 62fdf1f143b41e24485cea50d1cbac27 -> 
  custom:video-decoder-webm-vp8: 9c59270c3fd7afecdb556c50c9e8de78 -> 
  custom:audio-decoder-ogg-vorbis: bf7c407c2cedff20999df2af8eb42d56 -> 
========================================================================
Received Import Request.
  Time since last request: 1046.329343 seconds.
  path: Assets/Sprites/mm_red.png
  artifactKey: Guid(8542cddf5fa371d44a311f6c48a93db9) Importer(815301076,1909f56bfc062723c751e8b465ee728b)
Start importing Assets/Sprites/mm_red.png using Guid(8542cddf5fa371d44a311f6c48a93db9) Importer(815301076,1909f56bfc062723c751e8b465ee728b)  -> (artifact id: '3cad9dceb14e471a8f8e772f51d46b3b') in 0.447738 seconds 
========================================================================
Received Import Request.
  Time since last request: 0.000074 seconds.
  path: Assets/Sprites/wrappedsolid_purple.png
  artifactKey: Guid(f799862ccff115d43b3b5f3a7d7bd948) Importer(815301076,1909f56bfc062723c751e8b465ee728b)
Start importing Assets/Sprites/wrappedsolid_purple.png using Guid(f799862ccff115d43b3b5f3a7d7bd948) Importer(815301076,1909f56bfc062723c751e8b465ee728b)  -> (artifact id: 'a089ddc66645da704866d3913ba456cc') in 0.095861 seconds 
========================================================================
Received Import Request.
  Time since last request: 0.000196 seconds.
  path: Assets/Sprites/lollipop_blue.png
  artifactKey: Guid(3ba9ff1180661a94eaa8647d5eb2a720) Importer(815301076,1909f56bfc062723c751e8b465ee728b)
Start importing Assets/Sprites/lollipop_blue.png using Guid(3ba9ff1180661a94eaa8647d5eb2a720) Importer(815301076,1909f56bfc062723c751e8b465ee728b)  -> (artifact id: '529309f19e1dae609c06527b5392a87b') in 0.074596 seconds 
========================================================================
Received Import Request.
  Time since last request: 0.000035 seconds.
  path: Assets/Sprites/swirlstroke_yellow.png
  artifactKey: Guid(1d71e99bda9270342b3fd954fc18a4e3) Importer(815301076,1909f56bfc062723c751e8b465ee728b)
Start importing Assets/Sprites/swirlstroke_yellow.png using Guid(1d71e99bda9270342b3fd954fc18a4e3) Importer(815301076,1909f56bfc062723c751e8b465ee728b)  -> (artifact id: 'e338a5064d40a228692b8b92bb4a9036') in 0.078765 seconds 
========================================================================
Received Import Request.
  Time since last request: 0.000041 seconds.
  path: Assets/Sprites/swirlstroke_red.png
  artifactKey: Guid(ddb4ff90bb2e03945bbef95be138654c) Importer(815301076,1909f56bfc062723c751e8b465ee728b)
Start importing Assets/Sprites/swirlstroke_red.png using Guid(ddb4ff90bb2e03945bbef95be138654c) Importer(815301076,1909f56bfc062723c751e8b465ee728b)  -> (artifact id: 'e5a69b369246ecd6c23de686b588f9dd') in 0.090995 seconds 
========================================================================
Received Import Request.
  Time since last request: 0.000046 seconds.
  path: Assets/Sprites/star_teal.png
  artifactKey: Guid(9561575c011b7a242919db07432b19bd) Importer(815301076,1909f56bfc062723c751e8b465ee728b)
Start importing Assets/Sprites/star_teal.png using Guid(9561575c011b7a242919db07432b19bd) Importer(815301076,1909f56bfc062723c751e8b465ee728b)  -> (artifact id: 'ffaba592afc998c17758d02942827618') in 0.092893 seconds 
========================================================================
Received Import Request.
  Time since last request: 0.000095 seconds.
  path: Assets/Sprites/star_orange.png
  artifactKey: Guid(8292c061d1c244a4a97ea16b52359a6f) Importer(815301076,1909f56bfc062723c751e8b465ee728b)
Start importing Assets/Sprites/star_orange.png using Guid(8292c061d1c244a4a97ea16b52359a6f) Importer(815301076,1909f56bfc062723c751e8b465ee728b)  -> (artifact id: '29727f23194afc2cd776bcdf374ad3a0') in 0.084525 seconds 
========================================================================
Received Import Request.
  Time since last request: 0.000044 seconds.
  path: Assets/Sprites/swirl_blue.png
  artifactKey: Guid(055ded5eee49e814b872eb59ec4de9ea) Importer(815301076,1909f56bfc062723c751e8b465ee728b)
Start importing Assets/Sprites/swirl_blue.png using Guid(055ded5eee49e814b872eb59ec4de9ea) Importer(815301076,1909f56bfc062723c751e8b465ee728b)  -> (artifact id: 'c0ffcce56c0a6639b518962764cc18c8') in 0.170724 seconds 
========================================================================
Received Import Request.
  Time since last request: 0.000041 seconds.
  path: Assets/Sprites/mm_purple.png
  artifactKey: Guid(d006834c8a8a4184093aa3fc68e53873) Importer(815301076,1909f56bfc062723c751e8b465ee728b)
Start importing Assets/Sprites/mm_purple.png using Guid(d006834c8a8a4184093aa3fc68e53873) Importer(815301076,1909f56bfc062723c751e8b465ee728b)  -> (artifact id: '636dde978a18cf691ad0c36475e5942a') in 0.169120 seconds 
========================================================================
Received Import Request.
  Time since last request: 0.000056 seconds.
  path: Assets/Sprites/wrappedsolid_orange.png
  artifactKey: Guid(69c5f3a32c8404a49880eed4094c018a) Importer(815301076,1909f56bfc062723c751e8b465ee728b)
Start importing Assets/Sprites/wrappedsolid_orange.png using Guid(69c5f3a32c8404a49880eed4094c018a) Importer(815301076,1909f56bfc062723c751e8b465ee728b)  -> (artifact id: '76b853e56e918da278c33288fc910c5f') in 0.148029 seconds 
========================================================================
Received Import Request.
  Time since last request: 0.000041 seconds.
  path: Assets/Sprites/wrappedtrans_orange.png
  artifactKey: Guid(a0d25811b41dc5e4aa886c2335c0dc4e) Importer(815301076,1909f56bfc062723c751e8b465ee728b)
Start importing Assets/Sprites/wrappedtrans_orange.png using Guid(a0d25811b41dc5e4aa886c2335c0dc4e) Importer(815301076,1909f56bfc062723c751e8b465ee728b)  -> (artifact id: '6d8706e096d8ea2df07d422f33edff92') in 0.151477 seconds 
========================================================================
Received Import Request.
  Time since last request: 0.000046 seconds.
  path: Assets/Sprites/mmstroke_teal.png
  artifactKey: Guid(179be19d56b15e3408c3cd308aa18b62) Importer(815301076,1909f56bfc062723c751e8b465ee728b)
Start importing Assets/Sprites/mmstroke_teal.png using Guid(179be19d56b15e3408c3cd308aa18b62) Importer(815301076,1909f56bfc062723c751e8b465ee728b)  -> (artifact id: 'f2837501324c870c718a6126e5e40e42') in 0.128835 seconds 
========================================================================
Received Import Request.
  Time since last request: 0.000061 seconds.
  path: Assets/Sprites/wrappedtrans_teal.png
  artifactKey: Guid(23ebfa6fe6657d74397875afdb9e1e72) Importer(815301076,1909f56bfc062723c751e8b465ee728b)
Start importing Assets/Sprites/wrappedtrans_teal.png using Guid(23ebfa6fe6657d74397875afdb9e1e72) Importer(815301076,1909f56bfc062723c751e8b465ee728b)  -> (artifact id: 'a5ac3c97196b4ee8102583926e1ff961') in 0.091714 seconds 
========================================================================
Received Import Request.
  Time since last request: 0.000050 seconds.
  path: Assets/Sprites/lollipop_teal.png
  artifactKey: Guid(903aa78322a6dec41b46bc74bfff6b39) Importer(815301076,1909f56bfc062723c751e8b465ee728b)
Start importing Assets/Sprites/lollipop_teal.png using Guid(903aa78322a6dec41b46bc74bfff6b39) Importer(815301076,1909f56bfc062723c751e8b465ee728b)  -> (artifact id: '6f2b1eec90d6bea4fb8ad93baf4def88') in 0.100926 seconds 
========================================================================
Received Import Request.
  Time since last request: 0.000047 seconds.
  path: Assets/Sprites/mmstroke_blue.png
  artifactKey: Guid(605a759f30f75bc4cadd4aabefa0e5a8) Importer(815301076,1909f56bfc062723c751e8b465ee728b)
Start importing Assets/Sprites/mmstroke_blue.png using Guid(605a759f30f75bc4cadd4aabefa0e5a8) Importer(815301076,1909f56bfc062723c751e8b465ee728b)  -> (artifact id: '0e934efbb523111e6569ab6f45821651') in 0.167101 seconds 
========================================================================
Received Import Request.
  Time since last request: 0.000070 seconds.
  path: Assets/Sprites/wrappedtrans_yellow.png
  artifactKey: Guid(cbe1254909394e4408dcccada56381ec) Importer(815301076,1909f56bfc062723c751e8b465ee728b)
Start importing Assets/Sprites/wrappedtrans_yellow.png using Guid(cbe1254909394e4408dcccada56381ec) Importer(815301076,1909f56bfc062723c751e8b465ee728b)  -> (artifact id: '0c2a47ecbf8db55e40191984b21196ea') in 0.079031 seconds 
========================================================================
Received Import Request.
  Time since last request: 0.000051 seconds.
  path: Assets/Sprites/swirl_pink.png
  artifactKey: Guid(7dc6922cd3992ed46af0a464a3036b23) Importer(815301076,1909f56bfc062723c751e8b465ee728b)
Start importing Assets/Sprites/swirl_pink.png using Guid(7dc6922cd3992ed46af0a464a3036b23) Importer(815301076,1909f56bfc062723c751e8b465ee728b)  -> (artifact id: 'b2d9b905aac6e36f1caed1f1707f29b8') in 0.090353 seconds 
Editor requested this worker to shutdown with reason: Scaling down because of idle timeout
AssetImportWorkerClient::OnTransportError - code=2 error=End of file
AssetImportWorker is now disconnected from the server
Process exiting
Exiting without the bug reporter. Application will terminate with return code 0