Using pre-set license
Built from '2021.3/staging' branch; Version is '2021.3.19f1 (c9714fde33b6) revision 13201743'; Using compiler version '192829333'; Build Type 'Release'
OS: 'Windows 11  (10.0.26100) 64bit CoreSingleLanguage' Language: 'en' Physical Memory: 16057 MB
BatchMode: 1, IsHumanControllingUs: 0, StartBugReporterOnCrash: 0, Is64bit: 1, IsPro: 1

COMMAND LINE ARGUMENTS:
C:\Program Files\Unity\Hub\Editor\2021.3.19f1\Editor\Unity.exe
-adb2
-batchMode
-noUpm
-name
AssetImportWorker22
-projectPath
C:/Users/abctt/Desktop/New folder/MatchThreeGame
-logFile
Logs/AssetImportWorker22.log
-srvPort
56863
Successfully changed project path to: C:/Users/abctt/Desktop/New folder/MatchThreeGame
C:/Users/abctt/Desktop/New folder/MatchThreeGame
[UnityMemory] Configuration Parameters - Can be set up in boot.config
    "memorysetup-bucket-allocator-granularity=16"
    "memorysetup-bucket-allocator-bucket-count=8"
    "memorysetup-bucket-allocator-block-size=33554432"
    "memorysetup-bucket-allocator-block-count=8"
    "memorysetup-main-allocator-block-size=16777216"
    "memorysetup-thread-allocator-block-size=16777216"
    "memorysetup-gfx-main-allocator-block-size=16777216"
    "memorysetup-gfx-thread-allocator-block-size=16777216"
    "memorysetup-cache-allocator-block-size=4194304"
    "memorysetup-typetree-allocator-block-size=2097152"
    "memorysetup-profiler-bucket-allocator-granularity=16"
    "memorysetup-profiler-bucket-allocator-bucket-count=8"
    "memorysetup-profiler-bucket-allocator-block-size=33554432"
    "memorysetup-profiler-bucket-allocator-block-count=8"
    "memorysetup-profiler-allocator-block-size=16777216"
    "memorysetup-profiler-editor-allocator-block-size=1048576"
    "memorysetup-temp-allocator-size-main=16777216"
    "memorysetup-job-temp-allocator-block-size=2097152"
    "memorysetup-job-temp-allocator-block-size-background=1048576"
    "memorysetup-job-temp-allocator-reduction-small-platforms=262144"
    "memorysetup-temp-allocator-size-background-worker=32768"
    "memorysetup-temp-allocator-size-job-worker=262144"
    "memorysetup-temp-allocator-size-preload-manager=33554432"
    "memorysetup-temp-allocator-size-nav-mesh-worker=65536"
    "memorysetup-temp-allocator-size-audio-worker=65536"
    "memorysetup-temp-allocator-size-cloud-worker=32768"
    "memorysetup-temp-allocator-size-gi-baking-worker=262144"
    "memorysetup-temp-allocator-size-gfx=262144"
Player connection [2620] Host "[IP] 192.168.1.12 [Port] 0 [Flags] 2 [Guid] 627674804 [EditorId] 627674804 [Version] 1048832 [Id] WindowsEditor(7,DESKTOP-BUQQBSF) [Debug] 1 [PackageName] WindowsEditor [ProjectName] Editor" joined multi-casting on [225.0.0.222:54997]...

Player connection [2620] Host "[IP] 192.168.1.12 [Port] 0 [Flags] 2 [Guid] 627674804 [EditorId] 627674804 [Version] 1048832 [Id] WindowsEditor(7,DESKTOP-BUQQBSF) [Debug] 1 [PackageName] WindowsEditor [ProjectName] Editor" joined alternative multi-casting on [225.0.0.222:34997]...

Refreshing native plugins compatible for Editor in 163.93 ms, found 3 plugins.
Preloading 0 native plugins for Editor in 0.00 ms.
Initialize engine version: 2021.3.19f1 (c9714fde33b6)
[Subsystems] Discovering subsystems at path C:/Program Files/Unity/Hub/Editor/2021.3.19f1/Editor/Data/Resources/UnitySubsystems
[Subsystems] Discovering subsystems at path C:/Users/abctt/Desktop/New folder/MatchThreeGame/Assets
GfxDevice: creating device client; threaded=0; jobified=0
Direct3D:
    Version:  Direct3D 11.0 [level 11.1]
    Renderer: Intel(R) UHD Graphics (ID=0xa7a8)
    Vendor:   Intel
    VRAM:     8028 MB
    Driver:   32.0.101.7026
Initialize mono
Mono path[0] = 'C:/Program Files/Unity/Hub/Editor/2021.3.19f1/Editor/Data/Managed'
Mono path[1] = 'C:/Program Files/Unity/Hub/Editor/2021.3.19f1/Editor/Data/MonoBleedingEdge/lib/mono/unityjit-win32'
Mono config path = 'C:/Program Files/Unity/Hub/Editor/2021.3.19f1/Editor/Data/MonoBleedingEdge/etc'
Using monoOptions --debugger-agent=transport=dt_socket,embedding=1,server=y,suspend=n,address=127.0.0.1:56736
Begin MonoManager ReloadAssembly
Registering precompiled unity dll's ...
Register platform support module: C:/Program Files/Unity/Hub/Editor/2021.3.19f1/Editor/Data/PlaybackEngines/WindowsStandaloneSupport/UnityEditor.WindowsStandalone.Extensions.dll
Registered in 0.010429 seconds.
Native extension for WindowsStandalone target not found
Refreshing native plugins compatible for Editor in 164.94 ms, found 3 plugins.
Preloading 0 native plugins for Editor in 0.00 ms.
Mono: successfully reloaded assembly
- Completed reload, in  1.480 seconds
Domain Reload Profiling:
	ReloadAssembly (1482ms)
		BeginReloadAssembly (194ms)
			ExecutionOrderSort (0ms)
			DisableScriptedObjects (0ms)
			BackupInstance (0ms)
			ReleaseScriptingObjects (0ms)
			CreateAndSetChildDomain (1ms)
		EndReloadAssembly (1041ms)
			LoadAssemblies (189ms)
			RebuildTransferFunctionScriptingTraits (0ms)
			SetupTypeCache (254ms)
			ReleaseScriptCaches (0ms)
			RebuildScriptCaches (82ms)
			SetupLoadedEditorAssemblies (568ms)
				LogAssemblyErrors (0ms)
				InitializePlatformSupportModulesInManaged (14ms)
				SetLoadedEditorAssemblies (0ms)
				RefreshPlugins (165ms)
				BeforeProcessingInitializeOnLoad (5ms)
				ProcessInitializeOnLoadAttributes (292ms)
				ProcessInitializeOnLoadMethodAttributes (92ms)
				AfterProcessingInitializeOnLoad (0ms)
				EditorAssembliesLoaded (0ms)
			ExecutionOrderSort2 (0ms)
			AwakeInstancesAfterBackupRestoration (0ms)
Platform modules already initialized, skipping
Registering precompiled user dll's ...
Registered in 0.016144 seconds.
Begin MonoManager ReloadAssembly
Symbol file LoadedFromMemory doesn't match image C:\Users\abctt\Desktop\New folder\MatchThreeGame\Library\PackageCache\com.unity.visualscripting@1.8.0\Editor\VisualScripting.Core\Dependencies\YamlDotNet\Unity.VisualScripting.YamlDotNet.dll
Symbol file LoadedFromMemory doesn't match image C:\Users\abctt\Desktop\New folder\MatchThreeGame\Library\PackageCache\com.unity.visualscripting@1.8.0\Editor\VisualScripting.Core\Dependencies\DotNetZip\Unity.VisualScripting.IonicZip.dll
Native extension for WindowsStandalone target not found
Refreshing native plugins compatible for Editor in 0.93 ms, found 3 plugins.
Preloading 0 native plugins for Editor in 0.00 ms.
Mono: successfully reloaded assembly
- Completed reload, in  2.579 seconds
Domain Reload Profiling:
	ReloadAssembly (2581ms)
		BeginReloadAssembly (219ms)
			ExecutionOrderSort (0ms)
			DisableScriptedObjects (10ms)
			BackupInstance (0ms)
			ReleaseScriptingObjects (0ms)
			CreateAndSetChildDomain (36ms)
		EndReloadAssembly (2105ms)
			LoadAssemblies (157ms)
			RebuildTransferFunctionScriptingTraits (0ms)
			SetupTypeCache (458ms)
			ReleaseScriptCaches (1ms)
			RebuildScriptCaches (83ms)
			SetupLoadedEditorAssemblies (1173ms)
				LogAssemblyErrors (0ms)
				InitializePlatformSupportModulesInManaged (24ms)
				SetLoadedEditorAssemblies (1ms)
				RefreshPlugins (1ms)
				BeforeProcessingInitializeOnLoad (278ms)
				ProcessInitializeOnLoadAttributes (784ms)
				ProcessInitializeOnLoadMethodAttributes (57ms)
				AfterProcessingInitializeOnLoad (28ms)
				EditorAssembliesLoaded (0ms)
			ExecutionOrderSort2 (0ms)
			AwakeInstancesAfterBackupRestoration (19ms)
Platform modules already initialized, skipping
========================================================================
Worker process is ready to serve import requests
Launched and connected shader compiler UnityShaderCompiler.exe after 0.17 seconds
Refreshing native plugins compatible for Editor in 0.76 ms, found 3 plugins.
Preloading 0 native plugins for Editor in 0.00 ms.
Unloading 2976 Unused Serialized files (Serialized files now loaded: 0)
Unloading 23 unused Assets / (48.0 KB). Loaded Objects now: 3441.
Memory consumption went from 105.0 MB to 104.9 MB.
Total: 5.578900 ms (FindLiveObjects: 0.405900 ms CreateObjectMapping: 0.199100 ms MarkObjects: 4.867900 ms  DeleteObjects: 0.104200 ms)

AssetImportParameters requested are different than current active one (requested -> active):
  custom:video-decoder-ogg-theora: a1e56fd34408186e4bbccfd4996cb3dc -> 
  custom:container-muxer-webm: aa71ff27fc2769a1b78a27578f13a17b -> 
  custom:container-demuxer-webm: 4f35f7cbe854078d1ac9338744f61a02 -> 
  custom:video-encoder-webm-vp8: eb34c28f22e8b96e1ab97ce403110664 -> 
  custom:video-codec-MediaFoundation-h265: 746d11721c4dcdbdad8f713fa42b33f4 -> 
  custom:audio-encoder-webm-vorbis: bf7c407c2cedff20999df2af8eb42d56 -> 
  custom:framework-win-MediaFoundation: 216162199b28c13a410421893ffa2e32 -> 
  custom:container-demuxer-ogg: 62fdf1f143b41e24485cea50d1cbac27 -> 
  custom:video-decoder-webm-vp8: 9c59270c3fd7afecdb556c50c9e8de78 -> 
  custom:audio-decoder-ogg-vorbis: bf7c407c2cedff20999df2af8eb42d56 -> 
========================================================================
Received Import Request.
  Time since last request: 1046.329684 seconds.
  path: Assets/Sprites/star_blue.png
  artifactKey: Guid(490a88634d192a24ca30103ed53d9391) Importer(815301076,1909f56bfc062723c751e8b465ee728b)
Start importing Assets/Sprites/star_blue.png using Guid(490a88634d192a24ca30103ed53d9391) Importer(815301076,1909f56bfc062723c751e8b465ee728b)  -> (artifact id: 'c7f7d0731e91e1de92dbe9a9b50912f5') in 0.444890 seconds 
========================================================================
Received Import Request.
  Time since last request: 0.000084 seconds.
  path: Assets/Sprites/swirlstroke_green.png
  artifactKey: Guid(9af7afd7c40d6904b95aa85af58ca4b9) Importer(815301076,1909f56bfc062723c751e8b465ee728b)
Start importing Assets/Sprites/swirlstroke_green.png using Guid(9af7afd7c40d6904b95aa85af58ca4b9) Importer(815301076,1909f56bfc062723c751e8b465ee728b)  -> (artifact id: '734f0d5ce34ff190c9ceabaa81ccbe8d') in 0.098147 seconds 
========================================================================
Received Import Request.
  Time since last request: 0.000076 seconds.
  path: Assets/Sprites/swirlstroke_purple.png
  artifactKey: Guid(615b1605aa6485042b125284f099e8a8) Importer(815301076,1909f56bfc062723c751e8b465ee728b)
Start importing Assets/Sprites/swirlstroke_purple.png using Guid(615b1605aa6485042b125284f099e8a8) Importer(815301076,1909f56bfc062723c751e8b465ee728b)  -> (artifact id: 'ba0f49b66861aeaa6be4be175ef03ceb') in 0.072443 seconds 
========================================================================
Received Import Request.
  Time since last request: 0.000035 seconds.
  path: Assets/Sprites/wrappedtrans_green.png
  artifactKey: Guid(f7517e6bfaadb6d4f93957f8e723a0e2) Importer(815301076,1909f56bfc062723c751e8b465ee728b)
Start importing Assets/Sprites/wrappedtrans_green.png using Guid(f7517e6bfaadb6d4f93957f8e723a0e2) Importer(815301076,1909f56bfc062723c751e8b465ee728b)  -> (artifact id: 'c8d675d930b0dbffbc1debb8ae25540f') in 0.077153 seconds 
========================================================================
Received Import Request.
  Time since last request: 0.000049 seconds.
  path: Assets/Sprites/swirl_teal.png
  artifactKey: Guid(3fdd6b958436aa24c8e20e0b22ef47a8) Importer(815301076,1909f56bfc062723c751e8b465ee728b)
Start importing Assets/Sprites/swirl_teal.png using Guid(3fdd6b958436aa24c8e20e0b22ef47a8) Importer(815301076,1909f56bfc062723c751e8b465ee728b)  -> (artifact id: 'c0612f406492d0a785ae9d26f6e5bd41') in 0.112677 seconds 
========================================================================
Received Import Request.
  Time since last request: 0.000039 seconds.
  path: Assets/Sprites/wrappedsolid_yellow.png
  artifactKey: Guid(4ef9d59270bd279428f9c29daa5a4a62) Importer(815301076,1909f56bfc062723c751e8b465ee728b)
Start importing Assets/Sprites/wrappedsolid_yellow.png using Guid(4ef9d59270bd279428f9c29daa5a4a62) Importer(815301076,1909f56bfc062723c751e8b465ee728b)  -> (artifact id: 'c9c325c296a8ad433f1bec32bdb2d70f') in 0.083265 seconds 
========================================================================
Received Import Request.
  Time since last request: 0.000047 seconds.
  path: Assets/Sprites/jellybig_red.png
  artifactKey: Guid(f24463a910ceab848b798a82d064a001) Importer(815301076,1909f56bfc062723c751e8b465ee728b)
Start importing Assets/Sprites/jellybig_red.png using Guid(f24463a910ceab848b798a82d064a001) Importer(815301076,1909f56bfc062723c751e8b465ee728b)  -> (artifact id: '188521d50cd35ed016c976203f7ae445') in 0.157290 seconds 
========================================================================
Received Import Request.
  Time since last request: 0.000044 seconds.
  path: Assets/Sprites/swirl_green.png
  artifactKey: Guid(61890160a5b48694e99b33f27173b8c5) Importer(815301076,1909f56bfc062723c751e8b465ee728b)
Start importing Assets/Sprites/swirl_green.png using Guid(61890160a5b48694e99b33f27173b8c5) Importer(815301076,1909f56bfc062723c751e8b465ee728b)  -> (artifact id: 'c52777a4a0c8760d3145b7ccbb930c99') in 0.180004 seconds 
========================================================================
Received Import Request.
  Time since last request: 0.000043 seconds.
  path: Assets/Sprites/swirl_yellow.png
  artifactKey: Guid(8ee617f911a592e448a2d1b25d392eef) Importer(815301076,1909f56bfc062723c751e8b465ee728b)
Start importing Assets/Sprites/swirl_yellow.png using Guid(8ee617f911a592e448a2d1b25d392eef) Importer(815301076,1909f56bfc062723c751e8b465ee728b)  -> (artifact id: '1ccf2ba0248afa82e1101acc1077c743') in 0.155768 seconds 
========================================================================
Received Import Request.
  Time since last request: 0.000063 seconds.
  path: Assets/Sprites/star_white.png
  artifactKey: Guid(3687acc8dcc5cbc49b9e280eab9cd776) Importer(815301076,1909f56bfc062723c751e8b465ee728b)
Start importing Assets/Sprites/star_white.png using Guid(3687acc8dcc5cbc49b9e280eab9cd776) Importer(815301076,1909f56bfc062723c751e8b465ee728b)  -> (artifact id: 'ac9a2477cdf34ec4c472157ac1265e6a') in 0.131666 seconds 
========================================================================
Received Import Request.
  Time since last request: 0.000042 seconds.
  path: Assets/Sprites/lollipop_orange.png
  artifactKey: Guid(3869346d863c28240a7ff1ac39cfd4fa) Importer(815301076,1909f56bfc062723c751e8b465ee728b)
Start importing Assets/Sprites/lollipop_orange.png using Guid(3869346d863c28240a7ff1ac39cfd4fa) Importer(815301076,1909f56bfc062723c751e8b465ee728b)  -> (artifact id: 'ad33d11dda388daf0535de53c78cfe16') in 0.137582 seconds 
========================================================================
Received Import Request.
  Time since last request: 0.000086 seconds.
  path: Assets/Sprites/swirlstroke_blue.png
  artifactKey: Guid(7634f1e2a81c1ca4ab79461af2125692) Importer(815301076,1909f56bfc062723c751e8b465ee728b)
Start importing Assets/Sprites/swirlstroke_blue.png using Guid(7634f1e2a81c1ca4ab79461af2125692) Importer(815301076,1909f56bfc062723c751e8b465ee728b)  -> (artifact id: '35dbd7dd292cf97866d9751136f19ab2') in 0.113832 seconds 
========================================================================
Received Import Request.
  Time since last request: 0.000056 seconds.
  path: Assets/Sprites/lollipop_purple.png
  artifactKey: Guid(5bdda1b64fbaccb4c82ef7d9b8a106af) Importer(815301076,1909f56bfc062723c751e8b465ee728b)
Start importing Assets/Sprites/lollipop_purple.png using Guid(5bdda1b64fbaccb4c82ef7d9b8a106af) Importer(815301076,1909f56bfc062723c751e8b465ee728b)  -> (artifact id: '71eb2f1dac28080aa4c32108ac352e3e') in 0.117254 seconds 
========================================================================
Received Import Request.
  Time since last request: 0.000079 seconds.
  path: Assets/Sprites/mm_yellow.png
  artifactKey: Guid(8990fe6feb5534a438bec1387f290cde) Importer(815301076,1909f56bfc062723c751e8b465ee728b)
Start importing Assets/Sprites/mm_yellow.png using Guid(8990fe6feb5534a438bec1387f290cde) Importer(815301076,1909f56bfc062723c751e8b465ee728b)  -> (artifact id: '3cf6488f475b4306c8ccdc24004f68e8') in 0.208757 seconds 
========================================================================
Received Import Request.
  Time since last request: 0.000056 seconds.
  path: Assets/Sprites/mm_green.png
  artifactKey: Guid(0c6c3926c4e2cea4d8ee7a66af080e4a) Importer(815301076,1909f56bfc062723c751e8b465ee728b)
Start importing Assets/Sprites/mm_green.png using Guid(0c6c3926c4e2cea4d8ee7a66af080e4a) Importer(815301076,1909f56bfc062723c751e8b465ee728b)  -> (artifact id: 'f3367a440db2d0e9b6fe3c952fc29874') in 0.107391 seconds 
========================================================================
Received Import Request.
  Time since last request: 0.000078 seconds.
  path: Assets/Sprites/mmstroke_red.png
  artifactKey: Guid(8c927d0cef676c24ab99db2dfbc56b8a) Importer(815301076,1909f56bfc062723c751e8b465ee728b)
Start importing Assets/Sprites/mmstroke_red.png using Guid(8c927d0cef676c24ab99db2dfbc56b8a) Importer(815301076,1909f56bfc062723c751e8b465ee728b)  -> (artifact id: '7324f28f91d02152cc810984bfb99585') in 0.079230 seconds 
Editor requested this worker to shutdown with reason: Scaling down because of idle timeout
AssetImportWorkerClient::OnTransportError - code=2 error=End of file
AssetImportWorker is now disconnected from the server
Process exiting
Exiting without the bug reporter. Application will terminate with return code 0