Using pre-set license
Built from '2021.3/staging' branch; Version is '2021.3.19f1 (c9714fde33b6) revision 13201743'; Using compiler version '192829333'; Build Type 'Release'
OS: 'Windows 11  (10.0.26100) 64bit CoreSingleLanguage' Language: 'en' Physical Memory: 16057 MB
BatchMode: 1, IsHumanControllingUs: 0, StartBugReporterOnCrash: 0, Is64bit: 1, IsPro: 1

COMMAND LINE ARGUMENTS:
C:\Program Files\Unity\Hub\Editor\2021.3.19f1\Editor\Unity.exe
-adb2
-batchMode
-noUpm
-name
AssetImportWorker8
-projectPath
C:/Users/abctt/Desktop/New folder/MatchThreeGame
-logFile
Logs/AssetImportWorker8.log
-srvPort
50026
Successfully changed project path to: C:/Users/abctt/Desktop/New folder/MatchThreeGame
C:/Users/abctt/Desktop/New folder/MatchThreeGame
[UnityMemory] Configuration Parameters - Can be set up in boot.config
    "memorysetup-bucket-allocator-granularity=16"
    "memorysetup-bucket-allocator-bucket-count=8"
    "memorysetup-bucket-allocator-block-size=33554432"
    "memorysetup-bucket-allocator-block-count=8"
    "memorysetup-main-allocator-block-size=16777216"
    "memorysetup-thread-allocator-block-size=16777216"
    "memorysetup-gfx-main-allocator-block-size=16777216"
    "memorysetup-gfx-thread-allocator-block-size=16777216"
    "memorysetup-cache-allocator-block-size=4194304"
    "memorysetup-typetree-allocator-block-size=2097152"
    "memorysetup-profiler-bucket-allocator-granularity=16"
    "memorysetup-profiler-bucket-allocator-bucket-count=8"
    "memorysetup-profiler-bucket-allocator-block-size=33554432"
    "memorysetup-profiler-bucket-allocator-block-count=8"
    "memorysetup-profiler-allocator-block-size=16777216"
    "memorysetup-profiler-editor-allocator-block-size=1048576"
    "memorysetup-temp-allocator-size-main=16777216"
    "memorysetup-job-temp-allocator-block-size=2097152"
    "memorysetup-job-temp-allocator-block-size-background=1048576"
    "memorysetup-job-temp-allocator-reduction-small-platforms=262144"
    "memorysetup-temp-allocator-size-background-worker=32768"
    "memorysetup-temp-allocator-size-job-worker=262144"
    "memorysetup-temp-allocator-size-preload-manager=33554432"
    "memorysetup-temp-allocator-size-nav-mesh-worker=65536"
    "memorysetup-temp-allocator-size-audio-worker=65536"
    "memorysetup-temp-allocator-size-cloud-worker=32768"
    "memorysetup-temp-allocator-size-gi-baking-worker=262144"
    "memorysetup-temp-allocator-size-gfx=262144"
Player connection [6720] Host "[IP] 192.168.1.13 [Port] 0 [Flags] 2 [Guid] 1942756122 [EditorId] 1942756122 [Version] 1048832 [Id] WindowsEditor(7,DESKTOP-BUQQBSF) [Debug] 1 [PackageName] WindowsEditor [ProjectName] Editor" joined multi-casting on [225.0.0.222:54997]...

Player connection [6720] Host "[IP] 192.168.1.13 [Port] 0 [Flags] 2 [Guid] 1942756122 [EditorId] 1942756122 [Version] 1048832 [Id] WindowsEditor(7,DESKTOP-BUQQBSF) [Debug] 1 [PackageName] WindowsEditor [ProjectName] Editor" joined alternative multi-casting on [225.0.0.222:34997]...

Refreshing native plugins compatible for Editor in 128.35 ms, found 3 plugins.
Preloading 0 native plugins for Editor in 0.00 ms.
Initialize engine version: 2021.3.19f1 (c9714fde33b6)
[Subsystems] Discovering subsystems at path C:/Program Files/Unity/Hub/Editor/2021.3.19f1/Editor/Data/Resources/UnitySubsystems
[Subsystems] Discovering subsystems at path C:/Users/abctt/Desktop/New folder/MatchThreeGame/Assets
GfxDevice: creating device client; threaded=0; jobified=0
Direct3D:
    Version:  Direct3D 11.0 [level 11.1]
    Renderer: Intel(R) UHD Graphics (ID=0xa7a8)
    Vendor:   Intel
    VRAM:     8028 MB
    Driver:   32.0.101.6913
Initialize mono
Mono path[0] = 'C:/Program Files/Unity/Hub/Editor/2021.3.19f1/Editor/Data/Managed'
Mono path[1] = 'C:/Program Files/Unity/Hub/Editor/2021.3.19f1/Editor/Data/MonoBleedingEdge/lib/mono/unityjit-win32'
Mono config path = 'C:/Program Files/Unity/Hub/Editor/2021.3.19f1/Editor/Data/MonoBleedingEdge/etc'
Using monoOptions --debugger-agent=transport=dt_socket,embedding=1,server=y,suspend=n,address=127.0.0.1:56264
Begin MonoManager ReloadAssembly
Registering precompiled unity dll's ...
Register platform support module: C:/Program Files/Unity/Hub/Editor/2021.3.19f1/Editor/Data/PlaybackEngines/WindowsStandaloneSupport/UnityEditor.WindowsStandalone.Extensions.dll
Registered in 0.010454 seconds.
Native extension for WindowsStandalone target not found
Refreshing native plugins compatible for Editor in 131.18 ms, found 3 plugins.
Preloading 0 native plugins for Editor in 0.00 ms.
Mono: successfully reloaded assembly
- Completed reload, in  1.491 seconds
Domain Reload Profiling:
	ReloadAssembly (1492ms)
		BeginReloadAssembly (199ms)
			ExecutionOrderSort (0ms)
			DisableScriptedObjects (0ms)
			BackupInstance (0ms)
			ReleaseScriptingObjects (0ms)
			CreateAndSetChildDomain (1ms)
		EndReloadAssembly (1015ms)
			LoadAssemblies (195ms)
			RebuildTransferFunctionScriptingTraits (0ms)
			SetupTypeCache (251ms)
			ReleaseScriptCaches (0ms)
			RebuildScriptCaches (70ms)
			SetupLoadedEditorAssemblies (563ms)
				LogAssemblyErrors (0ms)
				InitializePlatformSupportModulesInManaged (20ms)
				SetLoadedEditorAssemblies (1ms)
				RefreshPlugins (131ms)
				BeforeProcessingInitializeOnLoad (3ms)
				ProcessInitializeOnLoadAttributes (299ms)
				ProcessInitializeOnLoadMethodAttributes (109ms)
				AfterProcessingInitializeOnLoad (0ms)
				EditorAssembliesLoaded (0ms)
			ExecutionOrderSort2 (0ms)
			AwakeInstancesAfterBackupRestoration (0ms)
Platform modules already initialized, skipping
Registering precompiled user dll's ...
Registered in 0.012014 seconds.
Begin MonoManager ReloadAssembly
Symbol file LoadedFromMemory doesn't match image C:\Users\abctt\Desktop\New folder\MatchThreeGame\Library\PackageCache\com.unity.visualscripting@1.8.0\Editor\VisualScripting.Core\Dependencies\YamlDotNet\Unity.VisualScripting.YamlDotNet.dll
Symbol file LoadedFromMemory doesn't match image C:\Users\abctt\Desktop\New folder\MatchThreeGame\Library\PackageCache\com.unity.visualscripting@1.8.0\Editor\VisualScripting.Core\Dependencies\DotNetZip\Unity.VisualScripting.IonicZip.dll
Native extension for WindowsStandalone target not found
Refreshing native plugins compatible for Editor in 0.78 ms, found 3 plugins.
Preloading 0 native plugins for Editor in 0.00 ms.
Mono: successfully reloaded assembly
- Completed reload, in  3.181 seconds
Domain Reload Profiling:
	ReloadAssembly (3183ms)
		BeginReloadAssembly (312ms)
			ExecutionOrderSort (0ms)
			DisableScriptedObjects (17ms)
			BackupInstance (0ms)
			ReleaseScriptingObjects (0ms)
			CreateAndSetChildDomain (49ms)
		EndReloadAssembly (2492ms)
			LoadAssemblies (216ms)
			RebuildTransferFunctionScriptingTraits (0ms)
			SetupTypeCache (599ms)
			ReleaseScriptCaches (1ms)
			RebuildScriptCaches (130ms)
			SetupLoadedEditorAssemblies (1465ms)
				LogAssemblyErrors (0ms)
				InitializePlatformSupportModulesInManaged (15ms)
				SetLoadedEditorAssemblies (1ms)
				RefreshPlugins (1ms)
				BeforeProcessingInitializeOnLoad (150ms)
				ProcessInitializeOnLoadAttributes (1226ms)
				ProcessInitializeOnLoadMethodAttributes (56ms)
				AfterProcessingInitializeOnLoad (16ms)
				EditorAssembliesLoaded (0ms)
			ExecutionOrderSort2 (0ms)
			AwakeInstancesAfterBackupRestoration (18ms)
Platform modules already initialized, skipping
========================================================================
Worker process is ready to serve import requests
Launched and connected shader compiler UnityShaderCompiler.exe after 0.34 seconds
Refreshing native plugins compatible for Editor in 1.31 ms, found 3 plugins.
Preloading 0 native plugins for Editor in 0.00 ms.
Unloading 2939 Unused Serialized files (Serialized files now loaded: 0)
Unloading 23 unused Assets / (56.3 KB). Loaded Objects now: 3403.
Memory consumption went from 103.6 MB to 103.6 MB.
Total: 9.822200 ms (FindLiveObjects: 0.487700 ms CreateObjectMapping: 0.313400 ms MarkObjects: 8.808000 ms  DeleteObjects: 0.210100 ms)

AssetImportParameters requested are different than current active one (requested -> active):
  custom:video-decoder-ogg-theora: a1e56fd34408186e4bbccfd4996cb3dc -> 
  custom:container-muxer-webm: aa71ff27fc2769a1b78a27578f13a17b -> 
  custom:container-demuxer-webm: 4f35f7cbe854078d1ac9338744f61a02 -> 
  custom:video-encoder-webm-vp8: eb34c28f22e8b96e1ab97ce403110664 -> 
  custom:video-codec-MediaFoundation-h265: 746d11721c4dcdbdad8f713fa42b33f4 -> 
  custom:audio-encoder-webm-vorbis: bf7c407c2cedff20999df2af8eb42d56 -> 
  custom:framework-win-MediaFoundation: 216162199b28c13a410421893ffa2e32 -> 
  custom:container-demuxer-ogg: 62fdf1f143b41e24485cea50d1cbac27 -> 
  custom:video-decoder-webm-vp8: 9c59270c3fd7afecdb556c50c9e8de78 -> 
  custom:audio-decoder-ogg-vorbis: bf7c407c2cedff20999df2af8eb42d56 -> 
========================================================================
Received Import Request.
  Time since last request: 795.899256 seconds.
  path: Assets/Prefabs/bean_purple.prefab
  artifactKey: Guid(afa6b0eba9a9e794080048baed797d27) Importer(815301076,1909f56bfc062723c751e8b465ee728b)
Start importing Assets/Prefabs/bean_purple.prefab using Guid(afa6b0eba9a9e794080048baed797d27) Importer(815301076,1909f56bfc062723c751e8b465ee728b)  -> (artifact id: 'e13a7fd1d15c093b2692f834396939bc') in 0.528955 seconds 
========================================================================
Received Import Request.
  Time since last request: 0.000073 seconds.
  path: Assets/Prefabs/explosionpink.prefab
  artifactKey: Guid(5268d9197b90bc44492e32f316fa679e) Importer(815301076,1909f56bfc062723c751e8b465ee728b)
Start importing Assets/Prefabs/explosionpink.prefab using Guid(5268d9197b90bc44492e32f316fa679e) Importer(815301076,1909f56bfc062723c751e8b465ee728b)  -> (artifact id: '4ef04eee9b9e87ef8524a60ce27108b2') in 0.351807 seconds 
========================================================================
Received Import Request.
  Time since last request: 0.000107 seconds.
  path: Assets/Prefabs/explosionblue.prefab
  artifactKey: Guid(76ac26693b05fa94381733a6e6be640a) Importer(815301076,1909f56bfc062723c751e8b465ee728b)
Start importing Assets/Prefabs/explosionblue.prefab using Guid(76ac26693b05fa94381733a6e6be640a) Importer(815301076,1909f56bfc062723c751e8b465ee728b)  -> (artifact id: '0cafbe5acef6e9f483cf0525e3efb728') in 0.279737 seconds 
========================================================================
Received Prepare
Registering precompiled user dll's ...
Registered in 0.014843 seconds.
Begin MonoManager ReloadAssembly
Symbol file LoadedFromMemory doesn't match image C:\Users\abctt\Desktop\New folder\MatchThreeGame\Library\PackageCache\com.unity.visualscripting@1.8.0\Editor\VisualScripting.Core\Dependencies\YamlDotNet\Unity.VisualScripting.YamlDotNet.dll
Symbol file LoadedFromMemory doesn't match image C:\Users\abctt\Desktop\New folder\MatchThreeGame\Library\PackageCache\com.unity.visualscripting@1.8.0\Editor\VisualScripting.Core\Dependencies\DotNetZip\Unity.VisualScripting.IonicZip.dll
Native extension for WindowsStandalone target not found
Refreshing native plugins compatible for Editor in 0.72 ms, found 3 plugins.
Preloading 0 native plugins for Editor in 0.00 ms.
Mono: successfully reloaded assembly
- Completed reload, in  2.711 seconds
Domain Reload Profiling:
	ReloadAssembly (2713ms)
		BeginReloadAssembly (411ms)
			ExecutionOrderSort (0ms)
			DisableScriptedObjects (13ms)
			BackupInstance (0ms)
			ReleaseScriptingObjects (0ms)
			CreateAndSetChildDomain (88ms)
		EndReloadAssembly (1443ms)
			LoadAssemblies (324ms)
			RebuildTransferFunctionScriptingTraits (0ms)
			SetupTypeCache (574ms)
			ReleaseScriptCaches (2ms)
			RebuildScriptCaches (102ms)
			SetupLoadedEditorAssemblies (422ms)
				LogAssemblyErrors (0ms)
				InitializePlatformSupportModulesInManaged (27ms)
				SetLoadedEditorAssemblies (1ms)
				RefreshPlugins (1ms)
				BeforeProcessingInitializeOnLoad (84ms)
				ProcessInitializeOnLoadAttributes (261ms)
				ProcessInitializeOnLoadMethodAttributes (37ms)
				AfterProcessingInitializeOnLoad (10ms)
				EditorAssembliesLoaded (0ms)
			ExecutionOrderSort2 (0ms)
			AwakeInstancesAfterBackupRestoration (15ms)
Platform modules already initialized, skipping
Refreshing native plugins compatible for Editor in 4.11 ms, found 3 plugins.
Preloading 0 native plugins for Editor in 0.00 ms.
Unloading 2933 Unused Serialized files (Serialized files now loaded: 0)
Unloading 16 unused Assets / (24.8 KB). Loaded Objects now: 3414.
Memory consumption went from 107.8 MB to 107.8 MB.
Total: 5.604500 ms (FindLiveObjects: 0.333900 ms CreateObjectMapping: 0.173400 ms MarkObjects: 5.033400 ms  DeleteObjects: 0.061300 ms)

AssetImportParameters requested are different than current active one (requested -> active):
  custom:video-decoder-ogg-theora: a1e56fd34408186e4bbccfd4996cb3dc -> 
  custom:container-muxer-webm: aa71ff27fc2769a1b78a27578f13a17b -> 
  custom:container-demuxer-webm: 4f35f7cbe854078d1ac9338744f61a02 -> 
  custom:video-encoder-webm-vp8: eb34c28f22e8b96e1ab97ce403110664 -> 
  custom:video-codec-MediaFoundation-h265: 746d11721c4dcdbdad8f713fa42b33f4 -> 
  custom:audio-encoder-webm-vorbis: bf7c407c2cedff20999df2af8eb42d56 -> 
  custom:framework-win-MediaFoundation: 216162199b28c13a410421893ffa2e32 -> 
  custom:container-demuxer-ogg: 62fdf1f143b41e24485cea50d1cbac27 -> 
  custom:video-decoder-webm-vp8: 9c59270c3fd7afecdb556c50c9e8de78 -> 
  custom:audio-decoder-ogg-vorbis: bf7c407c2cedff20999df2af8eb42d56 -> 
========================================================================
Received Prepare
Registering precompiled user dll's ...
Registered in 0.005934 seconds.
Begin MonoManager ReloadAssembly
Symbol file LoadedFromMemory doesn't match image C:\Users\abctt\Desktop\New folder\MatchThreeGame\Library\PackageCache\com.unity.visualscripting@1.8.0\Editor\VisualScripting.Core\Dependencies\YamlDotNet\Unity.VisualScripting.YamlDotNet.dll
Symbol file LoadedFromMemory doesn't match image C:\Users\abctt\Desktop\New folder\MatchThreeGame\Library\PackageCache\com.unity.visualscripting@1.8.0\Editor\VisualScripting.Core\Dependencies\DotNetZip\Unity.VisualScripting.IonicZip.dll
Native extension for WindowsStandalone target not found
Refreshing native plugins compatible for Editor in 0.70 ms, found 3 plugins.
Preloading 0 native plugins for Editor in 0.00 ms.
Mono: successfully reloaded assembly
- Completed reload, in  1.669 seconds
Domain Reload Profiling:
	ReloadAssembly (1670ms)
		BeginReloadAssembly (156ms)
			ExecutionOrderSort (0ms)
			DisableScriptedObjects (8ms)
			BackupInstance (0ms)
			ReleaseScriptingObjects (0ms)
			CreateAndSetChildDomain (39ms)
		EndReloadAssembly (1381ms)
			LoadAssemblies (104ms)
			RebuildTransferFunctionScriptingTraits (0ms)
			SetupTypeCache (300ms)
			ReleaseScriptCaches (2ms)
			RebuildScriptCaches (81ms)
			SetupLoadedEditorAssemblies (738ms)
				LogAssemblyErrors (0ms)
				InitializePlatformSupportModulesInManaged (32ms)
				SetLoadedEditorAssemblies (1ms)
				RefreshPlugins (1ms)
				BeforeProcessingInitializeOnLoad (202ms)
				ProcessInitializeOnLoadAttributes (447ms)
				ProcessInitializeOnLoadMethodAttributes (43ms)
				AfterProcessingInitializeOnLoad (12ms)
				EditorAssembliesLoaded (0ms)
			ExecutionOrderSort2 (0ms)
			AwakeInstancesAfterBackupRestoration (14ms)
Platform modules already initialized, skipping
Refreshing native plugins compatible for Editor in 3.13 ms, found 3 plugins.
Preloading 0 native plugins for Editor in 0.00 ms.
Unloading 2933 Unused Serialized files (Serialized files now loaded: 0)
Unloading 16 unused Assets / (24.8 KB). Loaded Objects now: 3417.
Memory consumption went from 107.8 MB to 107.8 MB.
Total: 5.121100 ms (FindLiveObjects: 0.548500 ms CreateObjectMapping: 0.117100 ms MarkObjects: 4.406900 ms  DeleteObjects: 0.045200 ms)

AssetImportParameters requested are different than current active one (requested -> active):
  custom:video-decoder-ogg-theora: a1e56fd34408186e4bbccfd4996cb3dc -> 
  custom:container-muxer-webm: aa71ff27fc2769a1b78a27578f13a17b -> 
  custom:container-demuxer-webm: 4f35f7cbe854078d1ac9338744f61a02 -> 
  custom:video-encoder-webm-vp8: eb34c28f22e8b96e1ab97ce403110664 -> 
  custom:video-codec-MediaFoundation-h265: 746d11721c4dcdbdad8f713fa42b33f4 -> 
  custom:audio-encoder-webm-vorbis: bf7c407c2cedff20999df2af8eb42d56 -> 
  custom:framework-win-MediaFoundation: 216162199b28c13a410421893ffa2e32 -> 
  custom:container-demuxer-ogg: 62fdf1f143b41e24485cea50d1cbac27 -> 
  custom:video-decoder-webm-vp8: 9c59270c3fd7afecdb556c50c9e8de78 -> 
  custom:audio-decoder-ogg-vorbis: bf7c407c2cedff20999df2af8eb42d56 -> 
========================================================================
Received Prepare
Registering precompiled user dll's ...
Registered in 0.006100 seconds.
Begin MonoManager ReloadAssembly
Symbol file LoadedFromMemory doesn't match image C:\Users\abctt\Desktop\New folder\MatchThreeGame\Library\PackageCache\com.unity.visualscripting@1.8.0\Editor\VisualScripting.Core\Dependencies\YamlDotNet\Unity.VisualScripting.YamlDotNet.dll
Symbol file LoadedFromMemory doesn't match image C:\Users\abctt\Desktop\New folder\MatchThreeGame\Library\PackageCache\com.unity.visualscripting@1.8.0\Editor\VisualScripting.Core\Dependencies\DotNetZip\Unity.VisualScripting.IonicZip.dll
Native extension for WindowsStandalone target not found
Refreshing native plugins compatible for Editor in 0.95 ms, found 3 plugins.
Preloading 0 native plugins for Editor in 0.00 ms.
Mono: successfully reloaded assembly
- Completed reload, in  1.808 seconds
Domain Reload Profiling:
	ReloadAssembly (1810ms)
		BeginReloadAssembly (164ms)
			ExecutionOrderSort (0ms)
			DisableScriptedObjects (8ms)
			BackupInstance (0ms)
			ReleaseScriptingObjects (0ms)
			CreateAndSetChildDomain (36ms)
		EndReloadAssembly (1502ms)
			LoadAssemblies (123ms)
			RebuildTransferFunctionScriptingTraits (0ms)
			SetupTypeCache (413ms)
			ReleaseScriptCaches (2ms)
			RebuildScriptCaches (96ms)
			SetupLoadedEditorAssemblies (708ms)
				LogAssemblyErrors (0ms)
				InitializePlatformSupportModulesInManaged (33ms)
				SetLoadedEditorAssemblies (1ms)
				RefreshPlugins (1ms)
				BeforeProcessingInitializeOnLoad (131ms)
				ProcessInitializeOnLoadAttributes (477ms)
				ProcessInitializeOnLoadMethodAttributes (49ms)
				AfterProcessingInitializeOnLoad (15ms)
				EditorAssembliesLoaded (0ms)
			ExecutionOrderSort2 (0ms)
			AwakeInstancesAfterBackupRestoration (16ms)
Platform modules already initialized, skipping
Refreshing native plugins compatible for Editor in 3.46 ms, found 3 plugins.
Preloading 0 native plugins for Editor in 0.00 ms.
Unloading 2933 Unused Serialized files (Serialized files now loaded: 0)
Unloading 16 unused Assets / (24.8 KB). Loaded Objects now: 3420.
Memory consumption went from 107.8 MB to 107.8 MB.
Total: 5.779000 ms (FindLiveObjects: 0.310500 ms CreateObjectMapping: 0.208700 ms MarkObjects: 5.204600 ms  DeleteObjects: 0.052300 ms)

AssetImportParameters requested are different than current active one (requested -> active):
  custom:video-decoder-ogg-theora: a1e56fd34408186e4bbccfd4996cb3dc -> 
  custom:container-muxer-webm: aa71ff27fc2769a1b78a27578f13a17b -> 
  custom:container-demuxer-webm: 4f35f7cbe854078d1ac9338744f61a02 -> 
  custom:video-encoder-webm-vp8: eb34c28f22e8b96e1ab97ce403110664 -> 
  custom:video-codec-MediaFoundation-h265: 746d11721c4dcdbdad8f713fa42b33f4 -> 
  custom:audio-encoder-webm-vorbis: bf7c407c2cedff20999df2af8eb42d56 -> 
  custom:framework-win-MediaFoundation: 216162199b28c13a410421893ffa2e32 -> 
  custom:container-demuxer-ogg: 62fdf1f143b41e24485cea50d1cbac27 -> 
  custom:video-decoder-webm-vp8: 9c59270c3fd7afecdb556c50c9e8de78 -> 
  custom:audio-decoder-ogg-vorbis: bf7c407c2cedff20999df2af8eb42d56 -> 
========================================================================
Received Import Request.
  Time since last request: 135.639801 seconds.
  path: Assets/Scenes
  artifactKey: Guid(a1ef2b91032e8a440b00026055720179) Importer(815301076,1909f56bfc062723c751e8b465ee728b)
Start importing Assets/Scenes using Guid(a1ef2b91032e8a440b00026055720179) Importer(815301076,1909f56bfc062723c751e8b465ee728b)  -> (artifact id: '342a18502d45a216e047bc01bc2e5837') in 0.052980 seconds 
========================================================================
Received Prepare
Registering precompiled user dll's ...
Registered in 0.004345 seconds.
Begin MonoManager ReloadAssembly
Symbol file LoadedFromMemory doesn't match image C:\Users\abctt\Desktop\New folder\MatchThreeGame\Library\PackageCache\com.unity.visualscripting@1.8.0\Editor\VisualScripting.Core\Dependencies\YamlDotNet\Unity.VisualScripting.YamlDotNet.dll
Symbol file LoadedFromMemory doesn't match image C:\Users\abctt\Desktop\New folder\MatchThreeGame\Library\PackageCache\com.unity.visualscripting@1.8.0\Editor\VisualScripting.Core\Dependencies\DotNetZip\Unity.VisualScripting.IonicZip.dll
Native extension for WindowsStandalone target not found
Refreshing native plugins compatible for Editor in 0.94 ms, found 3 plugins.
Preloading 0 native plugins for Editor in 0.00 ms.
Mono: successfully reloaded assembly
- Completed reload, in  1.623 seconds
Domain Reload Profiling:
	ReloadAssembly (1625ms)
		BeginReloadAssembly (179ms)
			ExecutionOrderSort (0ms)
			DisableScriptedObjects (11ms)
			BackupInstance (0ms)
			ReleaseScriptingObjects (0ms)
			CreateAndSetChildDomain (43ms)
		EndReloadAssembly (1308ms)
			LoadAssemblies (106ms)
			RebuildTransferFunctionScriptingTraits (0ms)
			SetupTypeCache (377ms)
			ReleaseScriptCaches (2ms)
			RebuildScriptCaches (81ms)
			SetupLoadedEditorAssemblies (631ms)
				LogAssemblyErrors (0ms)
				InitializePlatformSupportModulesInManaged (31ms)
				SetLoadedEditorAssemblies (3ms)
				RefreshPlugins (1ms)
				BeforeProcessingInitializeOnLoad (115ms)
				ProcessInitializeOnLoadAttributes (427ms)
				ProcessInitializeOnLoadMethodAttributes (40ms)
				AfterProcessingInitializeOnLoad (12ms)
				EditorAssembliesLoaded (0ms)
			ExecutionOrderSort2 (0ms)
			AwakeInstancesAfterBackupRestoration (13ms)
Platform modules already initialized, skipping
Refreshing native plugins compatible for Editor in 3.02 ms, found 3 plugins.
Preloading 0 native plugins for Editor in 0.00 ms.
Unloading 2933 Unused Serialized files (Serialized files now loaded: 0)
Unloading 16 unused Assets / (24.8 KB). Loaded Objects now: 3423.
Memory consumption went from 107.8 MB to 107.8 MB.
Total: 5.583000 ms (FindLiveObjects: 0.441700 ms CreateObjectMapping: 0.191200 ms MarkObjects: 4.893200 ms  DeleteObjects: 0.053600 ms)

AssetImportParameters requested are different than current active one (requested -> active):
  custom:video-decoder-ogg-theora: a1e56fd34408186e4bbccfd4996cb3dc -> 
  custom:container-muxer-webm: aa71ff27fc2769a1b78a27578f13a17b -> 
  custom:container-demuxer-webm: 4f35f7cbe854078d1ac9338744f61a02 -> 
  custom:video-encoder-webm-vp8: eb34c28f22e8b96e1ab97ce403110664 -> 
  custom:video-codec-MediaFoundation-h265: 746d11721c4dcdbdad8f713fa42b33f4 -> 
  custom:audio-encoder-webm-vorbis: bf7c407c2cedff20999df2af8eb42d56 -> 
  custom:framework-win-MediaFoundation: 216162199b28c13a410421893ffa2e32 -> 
  custom:container-demuxer-ogg: 62fdf1f143b41e24485cea50d1cbac27 -> 
  custom:video-decoder-webm-vp8: 9c59270c3fd7afecdb556c50c9e8de78 -> 
  custom:audio-decoder-ogg-vorbis: bf7c407c2cedff20999df2af8eb42d56 -> 
========================================================================
Received Import Request.
  Time since last request: 199.419043 seconds.
  path: Assets/Sprites/bean_green.png
  artifactKey: Guid(cf8c208da7409174995c4f45d9ad5ea3) Importer(815301076,1909f56bfc062723c751e8b465ee728b)
Start importing Assets/Sprites/bean_green.png using Guid(cf8c208da7409174995c4f45d9ad5ea3) Importer(815301076,1909f56bfc062723c751e8b465ee728b)  -> (artifact id: 'af71b6e3de14d4908cd48037ed1772a3') in 0.159406 seconds 
========================================================================
Received Import Request.
  Time since last request: 0.000043 seconds.
  path: Assets/Sprites/explosionblue02.png
  artifactKey: Guid(f8a8d0ee73908aa4a93869867aa37541) Importer(815301076,1909f56bfc062723c751e8b465ee728b)
Start importing Assets/Sprites/explosionblue02.png using Guid(f8a8d0ee73908aa4a93869867aa37541) Importer(815301076,1909f56bfc062723c751e8b465ee728b)  -> (artifact id: 'aa66b4290c199aecda053eff0ee5a4b0') in 0.055949 seconds 
========================================================================
Received Import Request.
  Time since last request: 0.000054 seconds.
  path: Assets/Sprites/jelly_teal.png
  artifactKey: Guid(e4a29dde5de86d54aa0f0e95eb6120fb) Importer(815301076,1909f56bfc062723c751e8b465ee728b)
Start importing Assets/Sprites/jelly_teal.png using Guid(e4a29dde5de86d54aa0f0e95eb6120fb) Importer(815301076,1909f56bfc062723c751e8b465ee728b)  -> (artifact id: '3da3842d6a68db87ee301b48c932896e') in 0.099032 seconds 
========================================================================
Received Import Request.
  Time since last request: 0.000050 seconds.
  path: Assets/Sprites/explosionpink01.png
  artifactKey: Guid(3bcdb04839f0b6a4a8515985ef0d1221) Importer(815301076,1909f56bfc062723c751e8b465ee728b)
Start importing Assets/Sprites/explosionpink01.png using Guid(3bcdb04839f0b6a4a8515985ef0d1221) Importer(815301076,1909f56bfc062723c751e8b465ee728b)  -> (artifact id: '9f242e6dd69517071ab4677c1228d316') in 0.067213 seconds 
========================================================================
Received Import Request.
  Time since last request: 0.000035 seconds.
  path: Assets/Sprites/heart_orange.png
  artifactKey: Guid(b38e0c6c039e41b48bed0f83ce051a6c) Importer(815301076,1909f56bfc062723c751e8b465ee728b)
Start importing Assets/Sprites/heart_orange.png using Guid(b38e0c6c039e41b48bed0f83ce051a6c) Importer(815301076,1909f56bfc062723c751e8b465ee728b)  -> (artifact id: 'ca599961acfb88828f5687669473b76e') in 0.088613 seconds 
========================================================================
Received Import Request.
  Time since last request: 0.000042 seconds.
  path: Assets/Sprites/explosiongreen05.png
  artifactKey: Guid(3d379f4d3f66a464fa7a58bfcd4da7a9) Importer(815301076,1909f56bfc062723c751e8b465ee728b)
Start importing Assets/Sprites/explosiongreen05.png using Guid(3d379f4d3f66a464fa7a58bfcd4da7a9) Importer(815301076,1909f56bfc062723c751e8b465ee728b)  -> (artifact id: 'd2823b000cba14c9e4c6463b6e28a7d5') in 0.057735 seconds 
========================================================================
Received Import Request.
  Time since last request: 0.000055 seconds.
  path: Assets/Sprites/candycorn.png
  artifactKey: Guid(76aa1ea0fb8bd0b4bbe1445b82bdde4a) Importer(815301076,1909f56bfc062723c751e8b465ee728b)
Start importing Assets/Sprites/candycorn.png using Guid(76aa1ea0fb8bd0b4bbe1445b82bdde4a) Importer(815301076,1909f56bfc062723c751e8b465ee728b)  -> (artifact id: '057222fb3594094ced238f546f543d3b') in 0.101450 seconds 
========================================================================
Received Import Request.
  Time since last request: 0.000039 seconds.
  path: Assets/Sprites/explosionred05.png
  artifactKey: Guid(84a5b7dd24bbc7142ace551d9da8f5f7) Importer(815301076,1909f56bfc062723c751e8b465ee728b)
Start importing Assets/Sprites/explosionred05.png using Guid(84a5b7dd24bbc7142ace551d9da8f5f7) Importer(815301076,1909f56bfc062723c751e8b465ee728b)  -> (artifact id: '2595cb96acfcb519f316a87a0d885fe4') in 0.103432 seconds 
========================================================================
Received Import Request.
  Time since last request: 0.000039 seconds.
  path: Assets/Sprites/explosiongreen02.png
  artifactKey: Guid(550caddd934af59459614c2fdfba9443) Importer(815301076,1909f56bfc062723c751e8b465ee728b)
Start importing Assets/Sprites/explosiongreen02.png using Guid(550caddd934af59459614c2fdfba9443) Importer(815301076,1909f56bfc062723c751e8b465ee728b)  -> (artifact id: '9d19f2adcce829f4136afc00f73e6d8f') in 0.060575 seconds 
========================================================================
Received Import Request.
  Time since last request: 0.000056 seconds.
  path: Assets/Sprites/bean_orange.png
  artifactKey: Guid(29e2efd676229a94c9a39625cbae37fd) Importer(815301076,1909f56bfc062723c751e8b465ee728b)
Start importing Assets/Sprites/bean_orange.png using Guid(29e2efd676229a94c9a39625cbae37fd) Importer(815301076,1909f56bfc062723c751e8b465ee728b)  -> (artifact id: '9433f6fd26d546c340f8c643078d5b9d') in 0.060233 seconds 
========================================================================
Received Import Request.
  Time since last request: 0.000042 seconds.
  path: Assets/Sprites/explosionblue04.png
  artifactKey: Guid(2d992e06abc35444187763c2772180ea) Importer(815301076,1909f56bfc062723c751e8b465ee728b)
Start importing Assets/Sprites/explosionblue04.png using Guid(2d992e06abc35444187763c2772180ea) Importer(815301076,1909f56bfc062723c751e8b465ee728b)  -> (artifact id: '5931ad51a6b7be34caa1e13f8bd33940') in 0.079409 seconds 
========================================================================
Received Import Request.
  Time since last request: 0.000041 seconds.
  path: Assets/Sprites/bean_yellow.png
  artifactKey: Guid(434e946a742d76f4493fc48650272de2) Importer(815301076,1909f56bfc062723c751e8b465ee728b)
Start importing Assets/Sprites/bean_yellow.png using Guid(434e946a742d76f4493fc48650272de2) Importer(815301076,1909f56bfc062723c751e8b465ee728b)  -> (artifact id: '18811fb0e55b8e80475c69a97f5e3af2') in 0.150625 seconds 
========================================================================
Received Import Request.
  Time since last request: 0.000051 seconds.
  path: Assets/Sprites/heart_blue.png
  artifactKey: Guid(c5d46867d3a57bc499564993f2468b1b) Importer(815301076,1909f56bfc062723c751e8b465ee728b)
Start importing Assets/Sprites/heart_blue.png using Guid(c5d46867d3a57bc499564993f2468b1b) Importer(815301076,1909f56bfc062723c751e8b465ee728b)  -> (artifact id: 'd6da3862e185abb64fcc161cf478c86b') in 0.136235 seconds 
========================================================================
Received Import Request.
  Time since last request: 0.000871 seconds.
  path: Assets/Sprites/explosionpink04.png
  artifactKey: Guid(25ee39f58a235464da831c8209af4f31) Importer(815301076,1909f56bfc062723c751e8b465ee728b)
Start importing Assets/Sprites/explosionpink04.png using Guid(25ee39f58a235464da831c8209af4f31) Importer(815301076,1909f56bfc062723c751e8b465ee728b)  -> (artifact id: '251b6b4c73475962818584afe03c8c1f') in 0.084582 seconds 
========================================================================
Received Import Request.
  Time since last request: 0.000038 seconds.
  path: Assets/Sprites/jelly_purple.png
  artifactKey: Guid(fa49e4fde573d5040ba22cc415ce2c82) Importer(815301076,1909f56bfc062723c751e8b465ee728b)
Start importing Assets/Sprites/jelly_purple.png using Guid(fa49e4fde573d5040ba22cc415ce2c82) Importer(815301076,1909f56bfc062723c751e8b465ee728b)  -> (artifact id: '733fffcdb46bb5fb672075afcfaef9ee') in 0.121030 seconds 
========================================================================
Received Import Request.
  Time since last request: 0.000049 seconds.
  path: Assets/Sprites/jelly_red.png
  artifactKey: Guid(8a0ebd62a79783847aaf80ae75d559aa) Importer(815301076,1909f56bfc062723c751e8b465ee728b)
Start importing Assets/Sprites/jelly_red.png using Guid(8a0ebd62a79783847aaf80ae75d559aa) Importer(815301076,1909f56bfc062723c751e8b465ee728b)  -> (artifact id: '40f1c1608c7af736ade7c26d39d36f55') in 0.138160 seconds 
========================================================================
Received Import Request.
  Time since last request: 0.000978 seconds.
  path: Assets/Sprites/bean_red.png
  artifactKey: Guid(a6b45ca7a84a1fa419a0b6ea2ccb2cf2) Importer(815301076,1909f56bfc062723c751e8b465ee728b)
Start importing Assets/Sprites/bean_red.png using Guid(a6b45ca7a84a1fa419a0b6ea2ccb2cf2) Importer(815301076,1909f56bfc062723c751e8b465ee728b)  -> (artifact id: '540fc7d170091e74c9fd1cd443dd8805') in 0.147147 seconds 
========================================================================
Received Import Request.
  Time since last request: 0.000034 seconds.
  path: Assets/Sprites/heart_green.png
  artifactKey: Guid(b79ab83e7d9f6f040ab9e523ff284627) Importer(815301076,1909f56bfc062723c751e8b465ee728b)
Start importing Assets/Sprites/heart_green.png using Guid(b79ab83e7d9f6f040ab9e523ff284627) Importer(815301076,1909f56bfc062723c751e8b465ee728b)  -> (artifact id: 'eb5ccfbe56ce5a07f636731cc228d3a5') in 0.076985 seconds 
========================================================================
Received Import Request.
  Time since last request: 0.000193 seconds.
  path: Assets/Sprites/explosionred03.png
  artifactKey: Guid(c64e7346c9ed8ca4aad14c466bd342c1) Importer(815301076,1909f56bfc062723c751e8b465ee728b)
Start importing Assets/Sprites/explosionred03.png using Guid(c64e7346c9ed8ca4aad14c466bd342c1) Importer(815301076,1909f56bfc062723c751e8b465ee728b)  -> (artifact id: '259b7e56b0e8f108cc32d49b33c0ef80') in 0.068453 seconds 
========================================================================
Received Import Request.
  Time since last request: 0.000078 seconds.
  path: Assets/Sprites/heart_teal.png
  artifactKey: Guid(db5c0ffd31a78184c91a859288ab13a0) Importer(815301076,1909f56bfc062723c751e8b465ee728b)
Start importing Assets/Sprites/heart_teal.png using Guid(db5c0ffd31a78184c91a859288ab13a0) Importer(815301076,1909f56bfc062723c751e8b465ee728b)  -> (artifact id: '5d7451ae81969ce27c437aa345807338') in 0.095207 seconds 
========================================================================
Received Import Request.
  Time since last request: 0.000043 seconds.
  path: Assets/Sprites/explosionblue03.png
  artifactKey: Guid(a64df0e6bfde27f4488d9970a302c8cf) Importer(815301076,1909f56bfc062723c751e8b465ee728b)
Start importing Assets/Sprites/explosionblue03.png using Guid(a64df0e6bfde27f4488d9970a302c8cf) Importer(815301076,1909f56bfc062723c751e8b465ee728b)  -> (artifact id: '5732b3c33090d0515d0558dcea1afab3') in 0.061776 seconds 
========================================================================
Received Import Request.
  Time since last request: 0.000146 seconds.
  path: Assets/Sprites/explosionpink05.png
  artifactKey: Guid(d441ffc50c0f7e946a7bf4a80422fb0b) Importer(815301076,1909f56bfc062723c751e8b465ee728b)
Start importing Assets/Sprites/explosionpink05.png using Guid(d441ffc50c0f7e946a7bf4a80422fb0b) Importer(815301076,1909f56bfc062723c751e8b465ee728b)  -> (artifact id: '4f61922c0820ea133f4afe546e765bf4') in 0.084818 seconds 
========================================================================
Received Import Request.
  Time since last request: 0.000052 seconds.
  path: Assets/Sprites/jelly_pink.png
  artifactKey: Guid(d58db1da89440e74f93777989899b29f) Importer(815301076,1909f56bfc062723c751e8b465ee728b)
Start importing Assets/Sprites/jelly_pink.png using Guid(d58db1da89440e74f93777989899b29f) Importer(815301076,1909f56bfc062723c751e8b465ee728b)  -> (artifact id: 'e8016d08db2a328eca8f4ebd60bbe141') in 2.580082 seconds 
========================================================================
Received Import Request.
  Time since last request: 14.696703 seconds.
  path: Assets/Sprites/Animations/Backgrounds/backgroundColorFall.png
  artifactKey: Guid(9d4257d48317f6443a37ec62490b4f76) Importer(815301076,1909f56bfc062723c751e8b465ee728b)
Start importing Assets/Sprites/Animations/Backgrounds/backgroundColorFall.png using Guid(9d4257d48317f6443a37ec62490b4f76) Importer(815301076,1909f56bfc062723c751e8b465ee728b)  -> (artifact id: '17eabbcab104e67c1fb938cf1e547aea') in 0.106033 seconds 
========================================================================
Received Import Request.
  Time since last request: 0.000033 seconds.
  path: Assets/Sprites/Animations/Backgrounds/backgroundForest.png
  artifactKey: Guid(d4ffde6fbec533044806712d36ee7ef8) Importer(815301076,1909f56bfc062723c751e8b465ee728b)
Start importing Assets/Sprites/Animations/Backgrounds/backgroundForest.png using Guid(d4ffde6fbec533044806712d36ee7ef8) Importer(815301076,1909f56bfc062723c751e8b465ee728b)  -> (artifact id: 'c31fe12d36a9c9b5879a769b20952dd5') in 0.141796 seconds 
========================================================================
Received Import Request.
  Time since last request: 0.000070 seconds.
  path: Assets/Sprites/Animations/Backgrounds/backgroundColorGrass.png
  artifactKey: Guid(90c1c737b21121a46b6ee5c672e9eab4) Importer(815301076,1909f56bfc062723c751e8b465ee728b)
Start importing Assets/Sprites/Animations/Backgrounds/backgroundColorGrass.png using Guid(90c1c737b21121a46b6ee5c672e9eab4) Importer(815301076,1909f56bfc062723c751e8b465ee728b)  -> (artifact id: 'c739f1b98ab08f855640b9f14d3eb150') in 0.108658 seconds 
========================================================================
Received Import Request.
  Time since last request: 12.584102 seconds.
  path: Assets/Sprites/Backgrounds/backgroundColorFall.png
  artifactKey: Guid(20cee71eddabe31469356cec68a66691) Importer(815301076,1909f56bfc062723c751e8b465ee728b)
Start importing Assets/Sprites/Backgrounds/backgroundColorFall.png using Guid(20cee71eddabe31469356cec68a66691) Importer(815301076,1909f56bfc062723c751e8b465ee728b)  -> (artifact id: 'fb20afe9d5d088870e06dd9b542c7402') in 0.126709 seconds 
========================================================================
Received Import Request.
  Time since last request: 0.000038 seconds.
  path: Assets/Sprites/Backgrounds/backgroundEmpty.png
  artifactKey: Guid(4eb6c5b5e2a326445bc347a465b6eef3) Importer(815301076,1909f56bfc062723c751e8b465ee728b)
Start importing Assets/Sprites/Backgrounds/backgroundEmpty.png using Guid(4eb6c5b5e2a326445bc347a465b6eef3) Importer(815301076,1909f56bfc062723c751e8b465ee728b)  -> (artifact id: '58f60b6e432a8581550ee02038c3c53a') in 0.070830 seconds 
Editor requested this worker to shutdown with reason: Scaling down because of idle timeout
AssetImportWorker is now disconnected from the server
Process exiting
Exiting without the bug reporter. Application will terminate with return code 0