Using pre-set license
Built from '2021.3/staging' branch; Version is '2021.3.19f1 (c9714fde33b6) revision 13201743'; Using compiler version '192829333'; Build Type 'Release'
OS: 'Windows 11  (10.0.26100) 64bit CoreSingleLanguage' Language: 'en' Physical Memory: 16057 MB
BatchMode: 1, IsHumanControllingUs: 0, StartBugReporterOnCrash: 0, Is64bit: 1, IsPro: 1

COMMAND LINE ARGUMENTS:
C:\Program Files\Unity\Hub\Editor\2021.3.19f1\Editor\Unity.exe
-adb2
-batchMode
-noUpm
-name
AssetImportWorker1
-projectPath
C:/Users/abctt/Desktop/New folder/MatchThreeGame
-logFile
Logs/AssetImportWorker1.log
-srvPort
52329
Successfully changed project path to: C:/Users/abctt/Desktop/New folder/MatchThreeGame
C:/Users/abctt/Desktop/New folder/MatchThreeGame
[UnityMemory] Configuration Parameters - Can be set up in boot.config
    "memorysetup-bucket-allocator-granularity=16"
    "memorysetup-bucket-allocator-bucket-count=8"
    "memorysetup-bucket-allocator-block-size=33554432"
    "memorysetup-bucket-allocator-block-count=8"
    "memorysetup-main-allocator-block-size=16777216"
    "memorysetup-thread-allocator-block-size=16777216"
    "memorysetup-gfx-main-allocator-block-size=16777216"
    "memorysetup-gfx-thread-allocator-block-size=16777216"
    "memorysetup-cache-allocator-block-size=4194304"
    "memorysetup-typetree-allocator-block-size=2097152"
    "memorysetup-profiler-bucket-allocator-granularity=16"
    "memorysetup-profiler-bucket-allocator-bucket-count=8"
    "memorysetup-profiler-bucket-allocator-block-size=33554432"
    "memorysetup-profiler-bucket-allocator-block-count=8"
    "memorysetup-profiler-allocator-block-size=16777216"
    "memorysetup-profiler-editor-allocator-block-size=1048576"
    "memorysetup-temp-allocator-size-main=16777216"
    "memorysetup-job-temp-allocator-block-size=2097152"
    "memorysetup-job-temp-allocator-block-size-background=1048576"
    "memorysetup-job-temp-allocator-reduction-small-platforms=262144"
    "memorysetup-temp-allocator-size-background-worker=32768"
    "memorysetup-temp-allocator-size-job-worker=262144"
    "memorysetup-temp-allocator-size-preload-manager=33554432"
    "memorysetup-temp-allocator-size-nav-mesh-worker=65536"
    "memorysetup-temp-allocator-size-audio-worker=65536"
    "memorysetup-temp-allocator-size-cloud-worker=32768"
    "memorysetup-temp-allocator-size-gi-baking-worker=262144"
    "memorysetup-temp-allocator-size-gfx=262144"
Player connection [11776] Host "[IP] 192.168.1.9 [Port] 0 [Flags] 2 [Guid] 2112681424 [EditorId] 2112681424 [Version] 1048832 [Id] WindowsEditor(7,DESKTOP-BUQQBSF) [Debug] 1 [PackageName] WindowsEditor [ProjectName] Editor" joined multi-casting on [225.0.0.222:54997]...

Player connection [11776] Host "[IP] 192.168.1.9 [Port] 0 [Flags] 2 [Guid] 2112681424 [EditorId] 2112681424 [Version] 1048832 [Id] WindowsEditor(7,DESKTOP-BUQQBSF) [Debug] 1 [PackageName] WindowsEditor [ProjectName] Editor" joined alternative multi-casting on [225.0.0.222:34997]...

Refreshing native plugins compatible for Editor in 119.72 ms, found 3 plugins.
Preloading 0 native plugins for Editor in 0.00 ms.
Initialize engine version: 2021.3.19f1 (c9714fde33b6)
[Subsystems] Discovering subsystems at path C:/Program Files/Unity/Hub/Editor/2021.3.19f1/Editor/Data/Resources/UnitySubsystems
[Subsystems] Discovering subsystems at path C:/Users/abctt/Desktop/New folder/MatchThreeGame/Assets
GfxDevice: creating device client; threaded=0; jobified=0
Direct3D:
    Version:  Direct3D 11.0 [level 11.1]
    Renderer: Intel(R) UHD Graphics (ID=0xa7a8)
    Vendor:   Intel
    VRAM:     8028 MB
    Driver:   32.0.101.7026
Initialize mono
Mono path[0] = 'C:/Program Files/Unity/Hub/Editor/2021.3.19f1/Editor/Data/Managed'
Mono path[1] = 'C:/Program Files/Unity/Hub/Editor/2021.3.19f1/Editor/Data/MonoBleedingEdge/lib/mono/unityjit-win32'
Mono config path = 'C:/Program Files/Unity/Hub/Editor/2021.3.19f1/Editor/Data/MonoBleedingEdge/etc'
Using monoOptions --debugger-agent=transport=dt_socket,embedding=1,server=y,suspend=n,address=127.0.0.1:56044
Begin MonoManager ReloadAssembly
Registering precompiled unity dll's ...
Register platform support module: C:/Program Files/Unity/Hub/Editor/2021.3.19f1/Editor/Data/PlaybackEngines/AndroidPlayer/UnityEditor.Android.Extensions.dll
Register platform support module: C:/Program Files/Unity/Hub/Editor/2021.3.19f1/Editor/Data/PlaybackEngines/WindowsStandaloneSupport/UnityEditor.WindowsStandalone.Extensions.dll
Registered in 0.011709 seconds.
Native extension for WindowsStandalone target not found
Native extension for Android target not found
Android Extension - Scanning For ADB Devices 802 ms
Refreshing native plugins compatible for Editor in 121.69 ms, found 3 plugins.
Preloading 0 native plugins for Editor in 0.00 ms.
Mono: successfully reloaded assembly
- Completed reload, in  2.167 seconds
Domain Reload Profiling:
	ReloadAssembly (2169ms)
		BeginReloadAssembly (141ms)
			ExecutionOrderSort (0ms)
			DisableScriptedObjects (0ms)
			BackupInstance (0ms)
			ReleaseScriptingObjects (0ms)
			CreateAndSetChildDomain (1ms)
		EndReloadAssembly (1777ms)
			LoadAssemblies (137ms)
			RebuildTransferFunctionScriptingTraits (0ms)
			SetupTypeCache (207ms)
			ReleaseScriptCaches (0ms)
			RebuildScriptCaches (66ms)
			SetupLoadedEditorAssemblies (1389ms)
				LogAssemblyErrors (0ms)
				InitializePlatformSupportModulesInManaged (946ms)
				SetLoadedEditorAssemblies (0ms)
				RefreshPlugins (122ms)
				BeforeProcessingInitializeOnLoad (2ms)
				ProcessInitializeOnLoadAttributes (201ms)
				ProcessInitializeOnLoadMethodAttributes (118ms)
				AfterProcessingInitializeOnLoad (0ms)
				EditorAssembliesLoaded (0ms)
			ExecutionOrderSort2 (0ms)
			AwakeInstancesAfterBackupRestoration (0ms)
Platform modules already initialized, skipping
Registering precompiled user dll's ...
Registered in 0.010416 seconds.
Begin MonoManager ReloadAssembly
Symbol file LoadedFromMemory doesn't match image C:\Users\abctt\Desktop\New folder\MatchThreeGame\Library\PackageCache\com.unity.visualscripting@1.8.0\Editor\VisualScripting.Core\Dependencies\YamlDotNet\Unity.VisualScripting.YamlDotNet.dll
Symbol file LoadedFromMemory doesn't match image C:\Users\abctt\Desktop\New folder\MatchThreeGame\Library\PackageCache\com.unity.visualscripting@1.8.0\Editor\VisualScripting.Core\Dependencies\DotNetZip\Unity.VisualScripting.IonicZip.dll
Native extension for WindowsStandalone target not found
Native extension for Android target not found
Refreshing native plugins compatible for Editor in 0.63 ms, found 3 plugins.
Preloading 0 native plugins for Editor in 0.00 ms.
Mono: successfully reloaded assembly
- Completed reload, in  1.489 seconds
Domain Reload Profiling:
	ReloadAssembly (1491ms)
		BeginReloadAssembly (176ms)
			ExecutionOrderSort (0ms)
			DisableScriptedObjects (10ms)
			BackupInstance (0ms)
			ReleaseScriptingObjects (0ms)
			CreateAndSetChildDomain (26ms)
		EndReloadAssembly (1110ms)
			LoadAssemblies (122ms)
			RebuildTransferFunctionScriptingTraits (0ms)
			SetupTypeCache (339ms)
			ReleaseScriptCaches (1ms)
			RebuildScriptCaches (82ms)
			SetupLoadedEditorAssemblies (499ms)
				LogAssemblyErrors (0ms)
				InitializePlatformSupportModulesInManaged (29ms)
				SetLoadedEditorAssemblies (1ms)
				RefreshPlugins (1ms)
				BeforeProcessingInitializeOnLoad (102ms)
				ProcessInitializeOnLoadAttributes (325ms)
				ProcessInitializeOnLoadMethodAttributes (29ms)
				AfterProcessingInitializeOnLoad (12ms)
				EditorAssembliesLoaded (0ms)
			ExecutionOrderSort2 (0ms)
			AwakeInstancesAfterBackupRestoration (10ms)
Platform modules already initialized, skipping
========================================================================
Worker process is ready to serve import requests
Launched and connected shader compiler UnityShaderCompiler.exe after 0.13 seconds
Refreshing native plugins compatible for Editor in 0.63 ms, found 3 plugins.
Preloading 0 native plugins for Editor in 0.00 ms.
Unloading 3024 Unused Serialized files (Serialized files now loaded: 0)
Unloading 23 unused Assets / (48.0 KB). Loaded Objects now: 3493.
Memory consumption went from 107.9 MB to 107.9 MB.
Total: 8.283000 ms (FindLiveObjects: 0.305400 ms CreateObjectMapping: 0.199400 ms MarkObjects: 7.576300 ms  DeleteObjects: 0.199700 ms)

AssetImportParameters requested are different than current active one (requested -> active):
  custom:video-decoder-ogg-theora: a1e56fd34408186e4bbccfd4996cb3dc -> 
  custom:container-muxer-webm: aa71ff27fc2769a1b78a27578f13a17b -> 
  custom:container-demuxer-webm: 4f35f7cbe854078d1ac9338744f61a02 -> 
  custom:video-encoder-webm-vp8: eb34c28f22e8b96e1ab97ce403110664 -> 
  custom:video-codec-MediaFoundation-h265: 746d11721c4dcdbdad8f713fa42b33f4 -> 
  custom:audio-encoder-webm-vorbis: bf7c407c2cedff20999df2af8eb42d56 -> 
  custom:framework-win-MediaFoundation: 216162199b28c13a410421893ffa2e32 -> 
  custom:container-demuxer-ogg: 62fdf1f143b41e24485cea50d1cbac27 -> 
  custom:video-decoder-webm-vp8: 9c59270c3fd7afecdb556c50c9e8de78 -> 
  custom:audio-decoder-ogg-vorbis: bf7c407c2cedff20999df2af8eb42d56 -> 
========================================================================
Received Import Request.
  Time since last request: 11601.249918 seconds.
  path: Assets/Prefabs/RainbowCandy.prefab
  artifactKey: Guid(3ed93de2644c2ad4e84109ab745e802f) Importer(815301076,1909f56bfc062723c751e8b465ee728b)
Start importing Assets/Prefabs/RainbowCandy.prefab using Guid(3ed93de2644c2ad4e84109ab745e802f) Importer(815301076,1909f56bfc062723c751e8b465ee728b)  -> (artifact id: '87aff2df5619d0284d506294c2e9bfc5') in 0.311974 seconds 
========================================================================
Received Import Request.
  Time since last request: 0.000049 seconds.
  path: Assets/Prefabs/swirl_orange.prefab
  artifactKey: Guid(c9cde8189605ee449bcc97b998147d85) Importer(815301076,1909f56bfc062723c751e8b465ee728b)
Start importing Assets/Prefabs/swirl_orange.prefab using Guid(c9cde8189605ee449bcc97b998147d85) Importer(815301076,1909f56bfc062723c751e8b465ee728b)  -> (artifact id: '09f4ba11d0cfe015acd02f67c40e7114') in 0.110331 seconds 
========================================================================
Received Import Request.
  Time since last request: 0.000274 seconds.
  path: Assets/Prefabs/swirl_blue.prefab
  artifactKey: Guid(0cffe7839950f2d4c8ec4e7f3e18e4c6) Importer(815301076,1909f56bfc062723c751e8b465ee728b)
Start importing Assets/Prefabs/swirl_blue.prefab using Guid(0cffe7839950f2d4c8ec4e7f3e18e4c6) Importer(815301076,1909f56bfc062723c751e8b465ee728b)  -> (artifact id: '7a7ea907f4af1a847dfd557287e00dd0') in 0.080007 seconds 
========================================================================
Received Import Request.
  Time since last request: 0.000035 seconds.
  path: Assets/Prefabs/swirl_pink.prefab
  artifactKey: Guid(11cb4356a18183c48b07164222227d2b) Importer(815301076,1909f56bfc062723c751e8b465ee728b)
Start importing Assets/Prefabs/swirl_pink.prefab using Guid(11cb4356a18183c48b07164222227d2b) Importer(815301076,1909f56bfc062723c751e8b465ee728b)  -> (artifact id: '312c80686703f665ebab9b7da9a7a5ab') in 0.059549 seconds 
========================================================================
Received Import Request.
  Time since last request: 43.844981 seconds.
  path: Assets/Sprites/bean_orange.png
  artifactKey: Guid(29e2efd676229a94c9a39625cbae37fd) Importer(815301076,1909f56bfc062723c751e8b465ee728b)
Start importing Assets/Sprites/bean_orange.png using Guid(29e2efd676229a94c9a39625cbae37fd) Importer(815301076,1909f56bfc062723c751e8b465ee728b)  -> (artifact id: 'a63b4408dc590ed48c0dbaedd19a08e6') in 0.190322 seconds 
========================================================================
Received Import Request.
  Time since last request: 0.000053 seconds.
  path: Assets/Sprites/explosionred04.png
  artifactKey: Guid(67746c63680eac14aa0d5a93c957874d) Importer(815301076,1909f56bfc062723c751e8b465ee728b)
Start importing Assets/Sprites/explosionred04.png using Guid(67746c63680eac14aa0d5a93c957874d) Importer(815301076,1909f56bfc062723c751e8b465ee728b)  -> (artifact id: '0bec151a74ef0b8b1275c200cc975ecf') in 0.102041 seconds 
========================================================================
Received Import Request.
  Time since last request: 0.000103 seconds.
  path: Assets/Sprites/jelly_teal.png
  artifactKey: Guid(e4a29dde5de86d54aa0f0e95eb6120fb) Importer(815301076,1909f56bfc062723c751e8b465ee728b)
Start importing Assets/Sprites/jelly_teal.png using Guid(e4a29dde5de86d54aa0f0e95eb6120fb) Importer(815301076,1909f56bfc062723c751e8b465ee728b)  -> (artifact id: '9d8ceaa65becef18b00cacb34b4daf7c') in 0.145254 seconds 
========================================================================
Received Import Request.
  Time since last request: 0.000046 seconds.
  path: Assets/Sprites/explosiongreen03.png
  artifactKey: Guid(8e486a8ad72a34249916468ca71c8cf1) Importer(815301076,1909f56bfc062723c751e8b465ee728b)
Start importing Assets/Sprites/explosiongreen03.png using Guid(8e486a8ad72a34249916468ca71c8cf1) Importer(815301076,1909f56bfc062723c751e8b465ee728b)  -> (artifact id: 'bbaae230a4e90bee76651d277354ab02') in 0.073092 seconds 
========================================================================
Received Import Request.
  Time since last request: 0.000062 seconds.
  path: Assets/Sprites/candycane.png
  artifactKey: Guid(d283e62da76b26f4d85d3677a4caae1c) Importer(815301076,1909f56bfc062723c751e8b465ee728b)
Start importing Assets/Sprites/candycane.png using Guid(d283e62da76b26f4d85d3677a4caae1c) Importer(815301076,1909f56bfc062723c751e8b465ee728b)  -> (artifact id: 'e438f80653d24eac98131c66327368be') in 0.122146 seconds 
========================================================================
Received Import Request.
  Time since last request: 0.000059 seconds.
  path: Assets/Sprites/bean_purple.png
  artifactKey: Guid(94642fdb3cce7234da44a1b271764589) Importer(815301076,1909f56bfc062723c751e8b465ee728b)
Start importing Assets/Sprites/bean_purple.png using Guid(94642fdb3cce7234da44a1b271764589) Importer(815301076,1909f56bfc062723c751e8b465ee728b)  -> (artifact id: '4c4a6ddf8b0693277e4eaeb25c7b6bf8') in 0.061979 seconds 
========================================================================
Received Import Request.
  Time since last request: 0.000058 seconds.
  path: Assets/Sprites/candycorn.png
  artifactKey: Guid(76aa1ea0fb8bd0b4bbe1445b82bdde4a) Importer(815301076,1909f56bfc062723c751e8b465ee728b)
Start importing Assets/Sprites/candycorn.png using Guid(76aa1ea0fb8bd0b4bbe1445b82bdde4a) Importer(815301076,1909f56bfc062723c751e8b465ee728b)  -> (artifact id: '03d6ba25887b12f9732170a888e477db') in 0.106204 seconds 
========================================================================
Received Import Request.
  Time since last request: 0.000053 seconds.
  path: Assets/Sprites/jelly_orange.png
  artifactKey: Guid(f3299c64dc9c7c84b9809c4c9ec74c87) Importer(815301076,1909f56bfc062723c751e8b465ee728b)
Start importing Assets/Sprites/jelly_orange.png using Guid(f3299c64dc9c7c84b9809c4c9ec74c87) Importer(815301076,1909f56bfc062723c751e8b465ee728b)  -> (artifact id: 'ae35e72e5182eebca264907273728614') in 0.088845 seconds 
========================================================================
Received Import Request.
  Time since last request: 0.000059 seconds.
  path: Assets/Sprites/heart_purple.png
  artifactKey: Guid(e52690101f304b44d86a28c1cc77b959) Importer(815301076,1909f56bfc062723c751e8b465ee728b)
Start importing Assets/Sprites/heart_purple.png using Guid(e52690101f304b44d86a28c1cc77b959) Importer(815301076,1909f56bfc062723c751e8b465ee728b)  -> (artifact id: 'f76af67c57a66c1b37fa19bd93f2e116') in 0.095947 seconds 
========================================================================
Received Import Request.
  Time since last request: 0.000060 seconds.
  path: Assets/Sprites/explosionblue05.png
  artifactKey: Guid(5fbf5f1e70c86a54f86eb899aa8f8dbb) Importer(815301076,1909f56bfc062723c751e8b465ee728b)
Start importing Assets/Sprites/explosionblue05.png using Guid(5fbf5f1e70c86a54f86eb899aa8f8dbb) Importer(815301076,1909f56bfc062723c751e8b465ee728b)  -> (artifact id: '7420c4a6fde6466247e14380efbb6263') in 0.061773 seconds 
========================================================================
Received Import Request.
  Time since last request: 0.000040 seconds.
  path: Assets/Sprites/explosionpink05.png
  artifactKey: Guid(d441ffc50c0f7e946a7bf4a80422fb0b) Importer(815301076,1909f56bfc062723c751e8b465ee728b)
Start importing Assets/Sprites/explosionpink05.png using Guid(d441ffc50c0f7e946a7bf4a80422fb0b) Importer(815301076,1909f56bfc062723c751e8b465ee728b)  -> (artifact id: 'aa62521687333195318aa6b7b0ca15e6') in 0.051404 seconds 
========================================================================
Received Import Request.
  Time since last request: 0.000059 seconds.
  path: Assets/Sprites/jelly_pink.png
  artifactKey: Guid(d58db1da89440e74f93777989899b29f) Importer(815301076,1909f56bfc062723c751e8b465ee728b)
Start importing Assets/Sprites/jelly_pink.png using Guid(d58db1da89440e74f93777989899b29f) Importer(815301076,1909f56bfc062723c751e8b465ee728b)  -> (artifact id: '45461a5680c57ecb3ead51c7dc50086b') in 0.065445 seconds 
========================================================================
Received Import Request.
  Time since last request: 4.335983 seconds.
  path: Assets/Sprites/jellybig_yellow.png
  artifactKey: Guid(c4b0ad4c3f5974443abb7a3cdece1ead) Importer(815301076,1909f56bfc062723c751e8b465ee728b)
Start importing Assets/Sprites/jellybig_yellow.png using Guid(c4b0ad4c3f5974443abb7a3cdece1ead) Importer(815301076,1909f56bfc062723c751e8b465ee728b)  -> (artifact id: '55646328a7baec2d61f3d0d278390023') in 0.104357 seconds 
========================================================================
Received Import Request.
  Time since last request: 0.000070 seconds.
  path: Assets/Sprites/lollipop_orange.png
  artifactKey: Guid(3869346d863c28240a7ff1ac39cfd4fa) Importer(815301076,1909f56bfc062723c751e8b465ee728b)
Start importing Assets/Sprites/lollipop_orange.png using Guid(3869346d863c28240a7ff1ac39cfd4fa) Importer(815301076,1909f56bfc062723c751e8b465ee728b)  -> (artifact id: '9b4d1281c930178c801dcc561de547c9') in 0.105488 seconds 
========================================================================
Received Import Request.
  Time since last request: 0.000154 seconds.
  path: Assets/Sprites/lollipop_yellow.png
  artifactKey: Guid(63a19c45180ac4d4893d09a26df10943) Importer(815301076,1909f56bfc062723c751e8b465ee728b)
Start importing Assets/Sprites/lollipop_yellow.png using Guid(63a19c45180ac4d4893d09a26df10943) Importer(815301076,1909f56bfc062723c751e8b465ee728b)  -> (artifact id: 'bd521af6bb90fea4d35bd9ad11c135e6') in 0.083652 seconds 
========================================================================
Received Import Request.
  Time since last request: 0.090844 seconds.
  path: Assets/Sprites/mm_green.png
  artifactKey: Guid(0c6c3926c4e2cea4d8ee7a66af080e4a) Importer(815301076,1909f56bfc062723c751e8b465ee728b)
Start importing Assets/Sprites/mm_green.png using Guid(0c6c3926c4e2cea4d8ee7a66af080e4a) Importer(815301076,1909f56bfc062723c751e8b465ee728b)  -> (artifact id: '0ca71a5f8e1bfb2c355ea860a76103f7') in 0.103029 seconds 
========================================================================
Received Import Request.
  Time since last request: 0.000044 seconds.
  path: Assets/Sprites/star_blue.png
  artifactKey: Guid(490a88634d192a24ca30103ed53d9391) Importer(815301076,1909f56bfc062723c751e8b465ee728b)
Start importing Assets/Sprites/star_blue.png using Guid(490a88634d192a24ca30103ed53d9391) Importer(815301076,1909f56bfc062723c751e8b465ee728b)  -> (artifact id: '0361cae1cff175d2d435f0ad5c6c77aa') in 0.106301 seconds 
========================================================================
Received Import Request.
  Time since last request: 0.000053 seconds.
  path: Assets/Sprites/swirl_purple.png
  artifactKey: Guid(e886354cc7be0b740938efcac5398493) Importer(815301076,1909f56bfc062723c751e8b465ee728b)
Start importing Assets/Sprites/swirl_purple.png using Guid(e886354cc7be0b740938efcac5398493) Importer(815301076,1909f56bfc062723c751e8b465ee728b)  -> (artifact id: 'c8e12d1689d31be7f67d1a263e2f3801') in 0.087519 seconds 
========================================================================
Received Import Request.
  Time since last request: 0.000067 seconds.
  path: Assets/Sprites/swirl_teal.png
  artifactKey: Guid(3fdd6b958436aa24c8e20e0b22ef47a8) Importer(815301076,1909f56bfc062723c751e8b465ee728b)
Start importing Assets/Sprites/swirl_teal.png using Guid(3fdd6b958436aa24c8e20e0b22ef47a8) Importer(815301076,1909f56bfc062723c751e8b465ee728b)  -> (artifact id: 'd7298eefc0f6bd8723e954dc53f66b47') in 0.135548 seconds 
========================================================================
Received Import Request.
  Time since last request: 0.000036 seconds.
  path: Assets/Sprites/swirl_orange.png
  artifactKey: Guid(4d2703b7e47526d44999c33c1f602cc3) Importer(815301076,1909f56bfc062723c751e8b465ee728b)
Start importing Assets/Sprites/swirl_orange.png using Guid(4d2703b7e47526d44999c33c1f602cc3) Importer(815301076,1909f56bfc062723c751e8b465ee728b)  -> (artifact id: 'be8ee912a63d232506a3861914cfa186') in 0.089107 seconds 
========================================================================
Received Import Request.
  Time since last request: 0.000063 seconds.
  path: Assets/Sprites/mmstroke_brown.png
  artifactKey: Guid(6744347fffeb0aa43bf3fa443aeef56c) Importer(815301076,1909f56bfc062723c751e8b465ee728b)
Start importing Assets/Sprites/mmstroke_brown.png using Guid(6744347fffeb0aa43bf3fa443aeef56c) Importer(815301076,1909f56bfc062723c751e8b465ee728b)  -> (artifact id: 'aadb9dcae445bae536e54855defb21dc') in 0.081313 seconds 
========================================================================
Received Import Request.
  Time since last request: 0.000060 seconds.
  path: Assets/Sprites/star_white.png
  artifactKey: Guid(3687acc8dcc5cbc49b9e280eab9cd776) Importer(815301076,1909f56bfc062723c751e8b465ee728b)
Start importing Assets/Sprites/star_white.png using Guid(3687acc8dcc5cbc49b9e280eab9cd776) Importer(815301076,1909f56bfc062723c751e8b465ee728b)  -> (artifact id: 'c0a1853522a882030bfb13a04b5d1604') in 0.097577 seconds 
========================================================================
Received Import Request.
  Time since last request: 0.000057 seconds.
  path: Assets/Sprites/swirlstroke_blue.png
  artifactKey: Guid(7634f1e2a81c1ca4ab79461af2125692) Importer(815301076,1909f56bfc062723c751e8b465ee728b)
Start importing Assets/Sprites/swirlstroke_blue.png using Guid(7634f1e2a81c1ca4ab79461af2125692) Importer(815301076,1909f56bfc062723c751e8b465ee728b)  -> (artifact id: 'cbd12d6f04831f2613f12868be5b77c5') in 0.080305 seconds 
========================================================================
Received Import Request.
  Time since last request: 0.000042 seconds.
  path: Assets/Sprites/star_green.png
  artifactKey: Guid(a0a00ebcff46e614d85ee316d5434d76) Importer(815301076,1909f56bfc062723c751e8b465ee728b)
Start importing Assets/Sprites/star_green.png using Guid(a0a00ebcff46e614d85ee316d5434d76) Importer(815301076,1909f56bfc062723c751e8b465ee728b)  -> (artifact id: '0d34f7e73fec2b267a7f5e5550732632') in 0.072213 seconds 
Editor requested this worker to shutdown with reason: Scaling down because of idle timeout
AssetImportWorker is now disconnected from the server
Process exiting
Exiting without the bug reporter. Application will terminate with return code 0